# JRE version: OpenJDK Runtime Environment Temurin-21.0.8+9 (21.0.8+9) (build 21.0.8+9-LTS)
# Java VM: OpenJDK 64-Bit Server VM Temurin-21.0.8+9 (21.0.8+9-LTS, mixed mode, sharing, tiered, compressed oops, compressed class ptrs, parallel gc, windows-amd64)
GC Precious Log:
 CardTable entry size: 512
 CPUs: 12 total, 12 available
 Memory: 16222M
 Large Page Support: Disabled
 NUMA Support: Disabled
 Compressed Oops: Enabled (32-bit)
 Alignments: Space 512K, Generation 512K, Heap 2M
 Heap Min Capacity: 100M
 Heap Initial Capacity: 100M
 Heap Max Capacity: 2G
 Pre-touch: Disabled
 Parallel Workers: 10
Heap:
 PSYoungGen      total 15360K, used 10168K [0x00000000d5580000, 0x00000000d6a00000, 0x0000000100000000)
  eden space 13824K, 62% used [0x00000000d5580000,0x00000000d5df6070,0x00000000d6300000)
  from space 1536K, 97% used [0x00000000d6700000,0x00000000d6878230,0x00000000d6880000)
  to   space 1536K, 0% used [0x00000000d6880000,0x00000000d6880000,0x00000000d6a00000)
 ParOldGen       total 1292288K, used 171096K [0x0000000080000000, 0x00000000cee00000, 0x00000000d5580000)
  object space 1292288K, 13% used [0x0000000080000000,0x000000008a716108,0x00000000cee00000)
 Metaspace       used 93920K, committed 95488K, reserved 1179648K
  class space    used 9443K, committed 10240K, reserved 1048576K
GC Heap History (20 events):
Event: 27414.699 GC heap before
{Heap before GC invocations=3780 (full 6):
 PSYoungGen      total 14336K, used 14336K [0x00000000d5580000, 0x00000000d6700000, 0x0000000100000000)
  eden space 13824K, 100% used [0x00000000d5580000,0x00000000d6300000,0x00000000d6300000)
  from space 512K, 100% used [0x00000000d6580000,0x00000000d6600000,0x00000000d6600000)
  to   space 1024K, 0% used [0x00000000d6600000,0x00000000d6600000,0x00000000d6700000)
 ParOldGen       total 1292288K, used 161446K [0x0000000080000000, 0x00000000cee00000, 0x00000000d5580000)
  object space 1292288K, 12% used [0x0000000080000000,0x0000000089da9990,0x00000000cee00000)
 Metaspace       used 93899K, committed 95424K, reserved 1179648K
  class space    used 9443K, committed 10240K, reserved 1048576K
}
Event: 27414.702 GC heap after
{Heap after GC invocations=3780 (full 6):
 PSYoungGen      total 14848K, used 914K [0x00000000d5580000, 0x00000000d6700000, 0x0000000100000000)
  eden space 13824K, 0% used [0x00000000d5580000,0x00000000d5580000,0x00000000d6300000)
  from space 1024K, 89% used [0x00000000d6600000,0x00000000d66e4bf8,0x00000000d6700000)
  to   space 1536K, 0% used [0x00000000d6400000,0x00000000d6400000,0x00000000d6580000)
 ParOldGen       total 1292288K, used 161999K [0x0000000080000000, 0x00000000cee00000, 0x00000000d5580000)
  object space 1292288K, 12% used [0x0000000080000000,0x0000000089e33d90,0x00000000cee00000)
 Metaspace       used 93899K, committed 95424K, reserved 1179648K
  class space    used 9443K, committed 10240K, reserved 1048576K
}
Event: 27418.955 GC heap before
{Heap before GC invocations=3781 (full 6):
 PSYoungGen      total 14848K, used 14738K [0x00000000d5580000, 0x00000000d6700000, 0x0000000100000000)
  eden space 13824K, 100% used [0x00000000d5580000,0x00000000d6300000,0x00000000d6300000)
  from space 1024K, 89% used [0x00000000d6600000,0x00000000d66e4bf8,0x00000000d6700000)
  to   space 1536K, 0% used [0x00000000d6400000,0x00000000d6400000,0x00000000d6580000)
 ParOldGen       total 1292288K, used 161999K [0x0000000080000000, 0x00000000cee00000, 0x00000000d5580000)
  object space 1292288K, 12% used [0x0000000080000000,0x0000000089e33d90,0x00000000cee00000)
 Metaspace       used 93899K, committed 95424K, reserved 1179648K
  class space    used 9443K, committed 10240K, reserved 1048576K
}
Event: 27418.958 GC heap after
{Heap after GC invocations=3781 (full 6):
 PSYoungGen      total 15360K, used 672K [0x00000000d5580000, 0x00000000d6680000, 0x0000000100000000)
  eden space 13824K, 0% used [0x00000000d5580000,0x00000000d5580000,0x00000000d6300000)
  from space 1536K, 43% used [0x00000000d6400000,0x00000000d64a8000,0x00000000d6580000)
  to   space 1024K, 0% used [0x00000000d6580000,0x00000000d6580000,0x00000000d6680000)
 ParOldGen       total 1292288K, used 162838K [0x0000000080000000, 0x00000000cee00000, 0x00000000d5580000)
  object space 1292288K, 12% used [0x0000000080000000,0x0000000089f059b8,0x00000000cee00000)
 Metaspace       used 93899K, committed 95424K, reserved 1179648K
  class space    used 9443K, committed 10240K, reserved 1048576K
}
Event: 27419.224 GC heap before
{Heap before GC invocations=3782 (full 6):
 PSYoungGen      total 15360K, used 14496K [0x00000000d5580000, 0x00000000d6680000, 0x0000000100000000)
  eden space 13824K, 100% used [0x00000000d5580000,0x00000000d6300000,0x00000000d6300000)
  from space 1536K, 43% used [0x00000000d6400000,0x00000000d64a8000,0x00000000d6580000)
  to   space 1024K, 0% used [0x00000000d6580000,0x00000000d6580000,0x00000000d6680000)
 ParOldGen       total 1292288K, used 162838K [0x0000000080000000, 0x00000000cee00000, 0x00000000d5580000)
  object space 1292288K, 12% used [0x0000000080000000,0x0000000089f059b8,0x00000000cee00000)
 Metaspace       used 93899K, committed 95424K, reserved 1179648K
  class space    used 9443K, committed 10240K, reserved 1048576K
}
Event: 27419.226 GC heap after
{Heap after GC invocations=3782 (full 6):
 PSYoungGen      total 14848K, used 1024K [0x00000000d5580000, 0x00000000d6700000, 0x0000000100000000)
  eden space 13824K, 0% used [0x00000000d5580000,0x00000000d5580000,0x00000000d6300000)
  from space 1024K, 100% used [0x00000000d6580000,0x00000000d6680000,0x00000000d6680000)
  to   space 2048K, 0% used [0x00000000d6300000,0x00000000d6300000,0x00000000d6500000)
 ParOldGen       total 1292288K, used 163222K [0x0000000080000000, 0x00000000cee00000, 0x00000000d5580000)
  object space 1292288K, 12% used [0x0000000080000000,0x0000000089f659d8,0x00000000cee00000)
 Metaspace       used 93899K, committed 95424K, reserved 1179648K
  class space    used 9443K, committed 10240K, reserved 1048576K
}
Event: 27419.262 GC heap before
{Heap before GC invocations=3783 (full 6):
 PSYoungGen      total 14848K, used 14848K [0x00000000d5580000, 0x00000000d6700000, 0x0000000100000000)
  eden space 13824K, 100% used [0x00000000d5580000,0x00000000d6300000,0x00000000d6300000)
  from space 1024K, 100% used [0x00000000d6580000,0x00000000d6680000,0x00000000d6680000)
  to   space 2048K, 0% used [0x00000000d6300000,0x00000000d6300000,0x00000000d6500000)
 ParOldGen       total 1292288K, used 163222K [0x0000000080000000, 0x00000000cee00000, 0x00000000d5580000)
  object space 1292288K, 12% used [0x0000000080000000,0x0000000089f659d8,0x00000000cee00000)
 Metaspace       used 93899K, committed 95424K, reserved 1179648K
  class space    used 9443K, committed 10240K, reserved 1048576K
}
Event: 27419.273 GC heap after
{Heap after GC invocations=3783 (full 6):
 PSYoungGen      total 15872K, used 2027K [0x00000000d5580000, 0x00000000d7100000, 0x0000000100000000)
  eden space 13824K, 0% used [0x00000000d5580000,0x00000000d5580000,0x00000000d6300000)
  from space 2048K, 99% used [0x00000000d6300000,0x00000000d64fafb0,0x00000000d6500000)
  to   space 7168K, 0% used [0x00000000d6a00000,0x00000000d6a00000,0x00000000d7100000)
 ParOldGen       total 1292288K, used 167151K [0x0000000080000000, 0x00000000cee00000, 0x00000000d5580000)
  object space 1292288K, 12% used [0x0000000080000000,0x000000008a33be28,0x00000000cee00000)
 Metaspace       used 93899K, committed 95424K, reserved 1179648K
  class space    used 9443K, committed 10240K, reserved 1048576K
}
Event: 27441.755 GC heap before
{Heap before GC invocations=3784 (full 6):
 PSYoungGen      total 15872K, used 15851K [0x00000000d5580000, 0x00000000d7100000, 0x0000000100000000)
  eden space 13824K, 100% used [0x00000000d5580000,0x00000000d6300000,0x00000000d6300000)
  from space 2048K, 99% used [0x00000000d6300000,0x00000000d64fafb0,0x00000000d6500000)
  to   space 7168K, 0% used [0x00000000d6a00000,0x00000000d6a00000,0x00000000d7100000)
 ParOldGen       total 1292288K, used 167151K [0x0000000080000000, 0x00000000cee00000, 0x00000000d5580000)
  object space 1292288K, 12% used [0x0000000080000000,0x000000008a33be28,0x00000000cee00000)
 Metaspace       used 93900K, committed 95424K, reserved 1179648K
  class space    used 9443K, committed 10240K, reserved 1048576K
}
Event: 27441.762 GC heap after
{Heap after GC invocations=3784 (full 6):
 PSYoungGen      total 14336K, used 192K [0x00000000d5580000, 0x00000000d6a80000, 0x0000000100000000)
  eden space 13824K, 0% used [0x00000000d5580000,0x00000000d5580000,0x00000000d6300000)
  from space 512K, 37% used [0x00000000d6a00000,0x00000000d6a30000,0x00000000d6a80000)
  to   space 2560K, 0% used [0x00000000d6580000,0x00000000d6580000,0x00000000d6800000)
 ParOldGen       total 1292288K, used 169224K [0x0000000080000000, 0x00000000cee00000, 0x00000000d5580000)
  object space 1292288K, 13% used [0x0000000080000000,0x000000008a5420b8,0x00000000cee00000)
 Metaspace       used 93900K, committed 95424K, reserved 1179648K
  class space    used 9443K, committed 10240K, reserved 1048576K
}
Event: 27445.325 GC heap before
{Heap before GC invocations=3785 (full 6):
 PSYoungGen      total 14336K, used 14016K [0x00000000d5580000, 0x00000000d6a80000, 0x0000000100000000)
  eden space 13824K, 100% used [0x00000000d5580000,0x00000000d6300000,0x00000000d6300000)
  from space 512K, 37% used [0x00000000d6a00000,0x00000000d6a30000,0x00000000d6a80000)
  to   space 2560K, 0% used [0x00000000d6580000,0x00000000d6580000,0x00000000d6800000)
 ParOldGen       total 1292288K, used 169224K [0x0000000080000000, 0x00000000cee00000, 0x00000000d5580000)
  object space 1292288K, 13% used [0x0000000080000000,0x000000008a5420b8,0x00000000cee00000)
 Metaspace       used 93904K, committed 95424K, reserved 1179648K
  class space    used 9443K, committed 10240K, reserved 1048576K
}
Event: 27445.326 GC heap after
{Heap after GC invocations=3785 (full 6):
 PSYoungGen      total 16384K, used 384K [0x00000000d5580000, 0x00000000d6a80000, 0x0000000100000000)
  eden space 13824K, 0% used [0x00000000d5580000,0x00000000d5580000,0x00000000d6300000)
  from space 2560K, 15% used [0x00000000d6580000,0x00000000d65e0000,0x00000000d6800000)
  to   space 1024K, 0% used [0x00000000d6980000,0x00000000d6980000,0x00000000d6a80000)
 ParOldGen       total 1292288K, used 169288K [0x0000000080000000, 0x00000000cee00000, 0x00000000d5580000)
  object space 1292288K, 13% used [0x0000000080000000,0x000000008a5520b8,0x00000000cee00000)
 Metaspace       used 93904K, committed 95424K, reserved 1179648K
  class space    used 9443K, committed 10240K, reserved 1048576K
}
Event: 27574.335 GC heap before
{Heap before GC invocations=3786 (full 6):
 PSYoungGen      total 16384K, used 14208K [0x00000000d5580000, 0x00000000d6a80000, 0x0000000100000000)
  eden space 13824K, 100% used [0x00000000d5580000,0x00000000d6300000,0x00000000d6300000)
  from space 2560K, 15% used [0x00000000d6580000,0x00000000d65e0000,0x00000000d6800000)
  to   space 1024K, 0% used [0x00000000d6980000,0x00000000d6980000,0x00000000d6a80000)
 ParOldGen       total 1292288K, used 169288K [0x0000000080000000, 0x00000000cee00000, 0x00000000d5580000)
  object space 1292288K, 13% used [0x0000000080000000,0x000000008a5520b8,0x00000000cee00000)
 Metaspace       used 93906K, committed 95488K, reserved 1179648K
  class space    used 9443K, committed 10240K, reserved 1048576K
}
Event: 27574.336 GC heap after
{Heap after GC invocations=3786 (full 6):
 PSYoungGen      total 14336K, used 384K [0x00000000d5580000, 0x00000000d6a00000, 0x0000000100000000)
  eden space 13824K, 0% used [0x00000000d5580000,0x00000000d5580000,0x00000000d6300000)
  from space 512K, 75% used [0x00000000d6980000,0x00000000d69e0020,0x00000000d6a00000)
  to   space 512K, 0% used [0x00000000d6900000,0x00000000d6900000,0x00000000d6980000)
 ParOldGen       total 1292288K, used 169336K [0x0000000080000000, 0x00000000cee00000, 0x00000000d5580000)
  object space 1292288K, 13% used [0x0000000080000000,0x000000008a55e0b8,0x00000000cee00000)
 Metaspace       used 93906K, committed 95488K, reserved 1179648K
  class space    used 9443K, committed 10240K, reserved 1048576K
}
Event: 27581.799 GC heap before
{Heap before GC invocations=3787 (full 6):
 PSYoungGen      total 14336K, used 14208K [0x00000000d5580000, 0x00000000d6a00000, 0x0000000100000000)
  eden space 13824K, 100% used [0x00000000d5580000,0x00000000d6300000,0x00000000d6300000)
  from space 512K, 75% used [0x00000000d6980000,0x00000000d69e0020,0x00000000d6a00000)
  to   space 512K, 0% used [0x00000000d6900000,0x00000000d6900000,0x00000000d6980000)
 ParOldGen       total 1292288K, used 169336K [0x0000000080000000, 0x00000000cee00000, 0x00000000d5580000)
  object space 1292288K, 13% used [0x0000000080000000,0x000000008a55e0b8,0x00000000cee00000)
 Metaspace       used 93906K, committed 95488K, reserved 1179648K
  class space    used 9443K, committed 10240K, reserved 1048576K
}
Event: 27581.801 GC heap after
{Heap after GC invocations=3787 (full 6):
 PSYoungGen      total 14336K, used 256K [0x00000000d5580000, 0x00000000d6a00000, 0x0000000100000000)
  eden space 13824K, 0% used [0x00000000d5580000,0x00000000d5580000,0x00000000d6300000)
  from space 512K, 50% used [0x00000000d6900000,0x00000000d6940000,0x00000000d6980000)
  to   space 512K, 0% used [0x00000000d6980000,0x00000000d6980000,0x00000000d6a00000)
 ParOldGen       total 1292288K, used 169472K [0x0000000080000000, 0x00000000cee00000, 0x00000000d5580000)
  object space 1292288K, 13% used [0x0000000080000000,0x000000008a5800d8,0x00000000cee00000)
 Metaspace       used 93906K, committed 95488K, reserved 1179648K
  class space    used 9443K, committed 10240K, reserved 1048576K
}
Event: 27588.237 GC heap before
{Heap before GC invocations=3788 (full 6):
 PSYoungGen      total 14336K, used 14080K [0x00000000d5580000, 0x00000000d6a00000, 0x0000000100000000)
  eden space 13824K, 100% used [0x00000000d5580000,0x00000000d6300000,0x00000000d6300000)
  from space 512K, 50% used [0x00000000d6900000,0x00000000d6940000,0x00000000d6980000)
  to   space 512K, 0% used [0x00000000d6980000,0x00000000d6980000,0x00000000d6a00000)
 ParOldGen       total 1292288K, used 169472K [0x0000000080000000, 0x00000000cee00000, 0x00000000d5580000)
  object space 1292288K, 13% used [0x0000000080000000,0x000000008a5800d8,0x00000000cee00000)
 Metaspace       used 93919K, committed 95488K, reserved 1179648K
  class space    used 9443K, committed 10240K, reserved 1048576K
}
Event: 27588.239 GC heap after
{Heap after GC invocations=3788 (full 6):
 PSYoungGen      total 14336K, used 496K [0x00000000d5580000, 0x00000000d6a00000, 0x0000000100000000)
  eden space 13824K, 0% used [0x00000000d5580000,0x00000000d5580000,0x00000000d6300000)
  from space 512K, 96% used [0x00000000d6980000,0x00000000d69fc030,0x00000000d6a00000)
  to   space 1536K, 0% used [0x00000000d6700000,0x00000000d6700000,0x00000000d6880000)
 ParOldGen       total 1292288K, used 170000K [0x0000000080000000, 0x00000000cee00000, 0x00000000d5580000)
  object space 1292288K, 13% used [0x0000000080000000,0x000000008a6040d8,0x00000000cee00000)
 Metaspace       used 93919K, committed 95488K, reserved 1179648K
  class space    used 9443K, committed 10240K, reserved 1048576K
}
Event: 27588.295 GC heap before
{Heap before GC invocations=3789 (full 6):
 PSYoungGen      total 14336K, used 14320K [0x00000000d5580000, 0x00000000d6a00000, 0x0000000100000000)
  eden space 13824K, 100% used [0x00000000d5580000,0x00000000d6300000,0x00000000d6300000)
  from space 512K, 96% used [0x00000000d6980000,0x00000000d69fc030,0x00000000d6a00000)
  to   space 1536K, 0% used [0x00000000d6700000,0x00000000d6700000,0x00000000d6880000)
 ParOldGen       total 1292288K, used 170000K [0x0000000080000000, 0x00000000cee00000, 0x00000000d5580000)
  object space 1292288K, 13% used [0x0000000080000000,0x000000008a6040d8,0x00000000cee00000)
 Metaspace       used 93919K, committed 95488K, reserved 1179648K
  class space    used 9443K, committed 10240K, reserved 1048576K
}
Event: 27588.299 GC heap after
{Heap after GC invocations=3789 (full 6):
 PSYoungGen      total 15360K, used 1504K [0x00000000d5580000, 0x00000000d6a00000, 0x0000000100000000)
  eden space 13824K, 0% used [0x00000000d5580000,0x00000000d5580000,0x00000000d6300000)
  from space 1536K, 97% used [0x00000000d6700000,0x00000000d6878230,0x00000000d6880000)
  to   space 1536K, 0% used [0x00000000d6880000,0x00000000d6880000,0x00000000d6a00000)
 ParOldGen       total 1292288K, used 171096K [0x0000000080000000, 0x00000000cee00000, 0x00000000d5580000)
  object space 1292288K, 13% used [0x0000000080000000,0x000000008a716108,0x00000000cee00000)
 Metaspace       used 93919K, committed 95488K, reserved 1179648K
  class space    used 9443K, committed 10240K, reserved 1048576K
}

