# JRE version: OpenJDK Runtime Environment Temurin-21.0.8+9 (21.0.8+9) (build 21.0.8+9-LTS)
# Java VM: OpenJDK 64-Bit Server VM Temurin-21.0.8+9 (21.0.8+9-LTS, mixed mode, sharing, tiered, compressed oops, compressed class ptrs, parallel gc, windows-amd64)
GC Precious Log:
 CardTable entry size: 512
 CPUs: 12 total, 12 available
 Memory: 16222M
 Large Page Support: Disabled
 NUMA Support: Disabled
 Compressed Oops: Enabled (32-bit)
 Alignments: Space 512K, Generation 512K, Heap 2M
 Heap Min Capacity: 100M
 Heap Initial Capacity: 100M
 Heap Max Capacity: 2G
 Pre-touch: Disabled
 Parallel Workers: 10
Heap:
 PSYoungGen      total 4096K, used 526K [0x00000000d5580000, 0x00000000d5a00000, 0x0000000100000000)
  eden space 3072K, 8% used [0x00000000d5580000,0x00000000d55c3960,0x00000000d5880000)
  from space 1024K, 25% used [0x00000000d5880000,0x00000000d58c0000,0x00000000d5980000)
  to   space 512K, 0% used [0x00000000d5980000,0x00000000d5980000,0x00000000d5a00000)
 ParOldGen       total 515584K, used 515523K [0x0000000080000000, 0x000000009f780000, 0x00000000d5580000)
  object space 515584K, 99% used [0x0000000080000000,0x000000009f770ff0,0x000000009f780000)
 Metaspace       used 87450K, committed 89216K, reserved 1179648K
  class space    used 8952K, committed 9728K, reserved 1048576K
GC Heap History (20 events):
Event: 57167.720 GC heap before
{Heap before GC invocations=1364 (full 4):
 PSYoungGen      total 3584K, used 3584K [0x00000000d5580000, 0x00000000d5b80000, 0x0000000100000000)
  eden space 3072K, 100% used [0x00000000d5580000,0x00000000d5880000,0x00000000d5880000)
  from space 512K, 100% used [0x00000000d5a00000,0x00000000d5a80000,0x00000000d5a80000)
  to   space 1024K, 0% used [0x00000000d5a80000,0x00000000d5a80000,0x00000000d5b80000)
 ParOldGen       total 509440K, used 509128K [0x0000000080000000, 0x000000009f180000, 0x00000000d5580000)
  object space 509440K, 99% used [0x0000000080000000,0x000000009f132280,0x000000009f180000)
 Metaspace       used 87428K, committed 89152K, reserved 1179648K
  class space    used 8951K, committed 9728K, reserved 1048576K
}
Event: 57167.725 GC heap after
{Heap after GC invocations=1364 (full 4):
 PSYoungGen      total 4096K, used 640K [0x00000000d5580000, 0x00000000d5b80000, 0x0000000100000000)
  eden space 3072K, 0% used [0x00000000d5580000,0x00000000d5580000,0x00000000d5880000)
  from space 1024K, 62% used [0x00000000d5a80000,0x00000000d5b20000,0x00000000d5b80000)
  to   space 1024K, 0% used [0x00000000d5980000,0x00000000d5980000,0x00000000d5a80000)
 ParOldGen       total 511488K, used 511176K [0x0000000080000000, 0x000000009f380000, 0x00000000d5580000)
  object space 511488K, 99% used [0x0000000080000000,0x000000009f3322e0,0x000000009f380000)
 Metaspace       used 87428K, committed 89152K, reserved 1179648K
  class space    used 8951K, committed 9728K, reserved 1048576K
}
Event: 57167.733 GC heap before
{Heap before GC invocations=1365 (full 4):
 PSYoungGen      total 4096K, used 3712K [0x00000000d5580000, 0x00000000d5b80000, 0x0000000100000000)
  eden space 3072K, 100% used [0x00000000d5580000,0x00000000d5880000,0x00000000d5880000)
  from space 1024K, 62% used [0x00000000d5a80000,0x00000000d5b20000,0x00000000d5b80000)
  to   space 1024K, 0% used [0x00000000d5980000,0x00000000d5980000,0x00000000d5a80000)
 ParOldGen       total 511488K, used 511176K [0x0000000080000000, 0x000000009f380000, 0x00000000d5580000)
  object space 511488K, 99% used [0x0000000080000000,0x000000009f3322e0,0x000000009f380000)
 Metaspace       used 87428K, committed 89152K, reserved 1179648K
  class space    used 8951K, committed 9728K, reserved 1048576K
}
Event: 57167.736 GC heap after
{Heap after GC invocations=1365 (full 4):
 PSYoungGen      total 4096K, used 1013K [0x00000000d5580000, 0x00000000d5c80000, 0x0000000100000000)
  eden space 3072K, 0% used [0x00000000d5580000,0x00000000d5580000,0x00000000d5880000)
  from space 1024K, 98% used [0x00000000d5980000,0x00000000d5a7d6f0,0x00000000d5a80000)
  to   space 2048K, 0% used [0x00000000d5a80000,0x00000000d5a80000,0x00000000d5c80000)
 ParOldGen       total 512000K, used 511657K [0x0000000080000000, 0x000000009f400000, 0x00000000d5580000)
  object space 512000K, 99% used [0x0000000080000000,0x000000009f3aa580,0x000000009f400000)
 Metaspace       used 87428K, committed 89152K, reserved 1179648K
  class space    used 8951K, committed 9728K, reserved 1048576K
}
Event: 57167.754 GC heap before
{Heap before GC invocations=1366 (full 4):
 PSYoungGen      total 4096K, used 4085K [0x00000000d5580000, 0x00000000d5c80000, 0x0000000100000000)
  eden space 3072K, 100% used [0x00000000d5580000,0x00000000d5880000,0x00000000d5880000)
  from space 1024K, 98% used [0x00000000d5980000,0x00000000d5a7d6f0,0x00000000d5a80000)
  to   space 2048K, 0% used [0x00000000d5a80000,0x00000000d5a80000,0x00000000d5c80000)
 ParOldGen       total 512000K, used 511657K [0x0000000080000000, 0x000000009f400000, 0x00000000d5580000)
  object space 512000K, 99% used [0x0000000080000000,0x000000009f3aa580,0x000000009f400000)
 Metaspace       used 87428K, committed 89152K, reserved 1179648K
  class space    used 8951K, committed 9728K, reserved 1048576K
}
Event: 57167.756 GC heap after
{Heap after GC invocations=1366 (full 4):
 PSYoungGen      total 4608K, used 1086K [0x00000000d5580000, 0x00000000d5c00000, 0x0000000100000000)
  eden space 3072K, 0% used [0x00000000d5580000,0x00000000d5580000,0x00000000d5880000)
  from space 1536K, 70% used [0x00000000d5a80000,0x00000000d5b8f928,0x00000000d5c00000)
  to   space 1536K, 0% used [0x00000000d5900000,0x00000000d5900000,0x00000000d5a80000)
 ParOldGen       total 513024K, used 513016K [0x0000000080000000, 0x000000009f500000, 0x00000000d5580000)
  object space 513024K, 99% used [0x0000000080000000,0x000000009f4fe088,0x000000009f500000)
 Metaspace       used 87428K, committed 89152K, reserved 1179648K
  class space    used 8951K, committed 9728K, reserved 1048576K
}
Event: 57167.880 GC heap before
{Heap before GC invocations=1367 (full 4):
 PSYoungGen      total 4608K, used 4158K [0x00000000d5580000, 0x00000000d5c00000, 0x0000000100000000)
  eden space 3072K, 100% used [0x00000000d5580000,0x00000000d5880000,0x00000000d5880000)
  from space 1536K, 70% used [0x00000000d5a80000,0x00000000d5b8f928,0x00000000d5c00000)
  to   space 1536K, 0% used [0x00000000d5900000,0x00000000d5900000,0x00000000d5a80000)
 ParOldGen       total 513024K, used 513016K [0x0000000080000000, 0x000000009f500000, 0x00000000d5580000)
  object space 513024K, 99% used [0x0000000080000000,0x000000009f4fe088,0x000000009f500000)
 Metaspace       used 87441K, committed 89216K, reserved 1179648K
  class space    used 8951K, committed 9728K, reserved 1048576K
}
Event: 57167.883 GC heap after
{Heap after GC invocations=1367 (full 4):
 PSYoungGen      total 4096K, used 1008K [0x00000000d5580000, 0x00000000d5b80000, 0x0000000100000000)
  eden space 3072K, 0% used [0x00000000d5580000,0x00000000d5580000,0x00000000d5880000)
  from space 1024K, 98% used [0x00000000d5900000,0x00000000d59fc020,0x00000000d5a00000)
  to   space 1536K, 0% used [0x00000000d5a00000,0x00000000d5a00000,0x00000000d5b80000)
 ParOldGen       total 514048K, used 513856K [0x0000000080000000, 0x000000009f600000, 0x00000000d5580000)
  object space 514048K, 99% used [0x0000000080000000,0x000000009f5d0148,0x000000009f600000)
 Metaspace       used 87441K, committed 89216K, reserved 1179648K
  class space    used 8951K, committed 9728K, reserved 1048576K
}
Event: 57167.907 GC heap before
{Heap before GC invocations=1368 (full 4):
 PSYoungGen      total 4096K, used 4080K [0x00000000d5580000, 0x00000000d5b80000, 0x0000000100000000)
  eden space 3072K, 100% used [0x00000000d5580000,0x00000000d5880000,0x00000000d5880000)
  from space 1024K, 98% used [0x00000000d5900000,0x00000000d59fc020,0x00000000d5a00000)
  to   space 1536K, 0% used [0x00000000d5a00000,0x00000000d5a00000,0x00000000d5b80000)
 ParOldGen       total 514048K, used 513856K [0x0000000080000000, 0x000000009f600000, 0x00000000d5580000)
  object space 514048K, 99% used [0x0000000080000000,0x000000009f5d0148,0x000000009f600000)
 Metaspace       used 87441K, committed 89216K, reserved 1179648K
  class space    used 8951K, committed 9728K, reserved 1048576K
}
Event: 57167.909 GC heap after
{Heap after GC invocations=1368 (full 4):
 PSYoungGen      total 4608K, used 1329K [0x00000000d5580000, 0x00000000d5b80000, 0x0000000100000000)
  eden space 3072K, 0% used [0x00000000d5580000,0x00000000d5580000,0x00000000d5880000)
  from space 1536K, 86% used [0x00000000d5a00000,0x00000000d5b4c7e0,0x00000000d5b80000)
  to   space 1536K, 0% used [0x00000000d5880000,0x00000000d5880000,0x00000000d5a00000)
 ParOldGen       total 514560K, used 514400K [0x0000000080000000, 0x000000009f680000, 0x00000000d5580000)
  object space 514560K, 99% used [0x0000000080000000,0x000000009f658148,0x000000009f680000)
 Metaspace       used 87441K, committed 89216K, reserved 1179648K
  class space    used 8951K, committed 9728K, reserved 1048576K
}
Event: 57167.993 GC heap before
{Heap before GC invocations=1369 (full 4):
 PSYoungGen      total 4608K, used 4401K [0x00000000d5580000, 0x00000000d5b80000, 0x0000000100000000)
  eden space 3072K, 100% used [0x00000000d5580000,0x00000000d5880000,0x00000000d5880000)
  from space 1536K, 86% used [0x00000000d5a00000,0x00000000d5b4c7e0,0x00000000d5b80000)
  to   space 1536K, 0% used [0x00000000d5880000,0x00000000d5880000,0x00000000d5a00000)
 ParOldGen       total 514560K, used 514400K [0x0000000080000000, 0x000000009f680000, 0x00000000d5580000)
  object space 514560K, 99% used [0x0000000080000000,0x000000009f658148,0x000000009f680000)
 Metaspace       used 87441K, committed 89216K, reserved 1179648K
  class space    used 8951K, committed 9728K, reserved 1048576K
}
Event: 57167.994 GC heap after
{Heap after GC invocations=1369 (full 4):
 PSYoungGen      total 3584K, used 384K [0x00000000d5580000, 0x00000000d5a80000, 0x0000000100000000)
  eden space 3072K, 0% used [0x00000000d5580000,0x00000000d5580000,0x00000000d5880000)
  from space 512K, 75% used [0x00000000d5880000,0x00000000d58e0000,0x00000000d5900000)
  to   space 1024K, 0% used [0x00000000d5980000,0x00000000d5980000,0x00000000d5a80000)
 ParOldGen       total 515072K, used 515051K [0x0000000080000000, 0x000000009f700000, 0x00000000d5580000)
  object space 515072K, 99% used [0x0000000080000000,0x000000009f6fafe0,0x000000009f700000)
 Metaspace       used 87441K, committed 89216K, reserved 1179648K
  class space    used 8951K, committed 9728K, reserved 1048576K
}
Event: 57168.078 GC heap before
{Heap before GC invocations=1370 (full 4):
 PSYoungGen      total 3584K, used 3456K [0x00000000d5580000, 0x00000000d5a80000, 0x0000000100000000)
  eden space 3072K, 100% used [0x00000000d5580000,0x00000000d5880000,0x00000000d5880000)
  from space 512K, 75% used [0x00000000d5880000,0x00000000d58e0000,0x00000000d5900000)
  to   space 1024K, 0% used [0x00000000d5980000,0x00000000d5980000,0x00000000d5a80000)
 ParOldGen       total 515072K, used 515051K [0x0000000080000000, 0x000000009f700000, 0x00000000d5580000)
  object space 515072K, 99% used [0x0000000080000000,0x000000009f6fafe0,0x000000009f700000)
 Metaspace       used 87443K, committed 89216K, reserved 1179648K
  class space    used 8952K, committed 9728K, reserved 1048576K
}
Event: 57168.081 GC heap after
{Heap after GC invocations=1370 (full 4):
 PSYoungGen      total 4096K, used 896K [0x00000000d5580000, 0x00000000d5a80000, 0x0000000100000000)
  eden space 3072K, 0% used [0x00000000d5580000,0x00000000d5580000,0x00000000d5880000)
  from space 1024K, 87% used [0x00000000d5980000,0x00000000d5a60000,0x00000000d5a80000)
  to   space 1024K, 0% used [0x00000000d5880000,0x00000000d5880000,0x00000000d5980000)
 ParOldGen       total 515584K, used 515371K [0x0000000080000000, 0x000000009f780000, 0x00000000d5580000)
  object space 515584K, 99% used [0x0000000080000000,0x000000009f74aff0,0x000000009f780000)
 Metaspace       used 87443K, committed 89216K, reserved 1179648K
  class space    used 8952K, committed 9728K, reserved 1048576K
}
Event: 57168.100 GC heap before
{Heap before GC invocations=1371 (full 4):
 PSYoungGen      total 4096K, used 3968K [0x00000000d5580000, 0x00000000d5a80000, 0x0000000100000000)
  eden space 3072K, 100% used [0x00000000d5580000,0x00000000d5880000,0x00000000d5880000)
  from space 1024K, 87% used [0x00000000d5980000,0x00000000d5a60000,0x00000000d5a80000)
  to   space 1024K, 0% used [0x00000000d5880000,0x00000000d5880000,0x00000000d5980000)
 ParOldGen       total 515584K, used 515371K [0x0000000080000000, 0x000000009f780000, 0x00000000d5580000)
  object space 515584K, 99% used [0x0000000080000000,0x000000009f74aff0,0x000000009f780000)
 Metaspace       used 87443K, committed 89216K, reserved 1179648K
  class space    used 8952K, committed 9728K, reserved 1048576K
}
Event: 57168.102 GC heap after
{Heap after GC invocations=1371 (full 4):
 PSYoungGen      total 4096K, used 976K [0x00000000d5580000, 0x00000000d5a80000, 0x0000000100000000)
  eden space 3072K, 0% used [0x00000000d5580000,0x00000000d5580000,0x00000000d5880000)
  from space 1024K, 95% used [0x00000000d5880000,0x00000000d5974010,0x00000000d5980000)
  to   space 1024K, 0% used [0x00000000d5980000,0x00000000d5980000,0x00000000d5a80000)
 ParOldGen       total 515584K, used 515427K [0x0000000080000000, 0x000000009f780000, 0x00000000d5580000)
  object space 515584K, 99% used [0x0000000080000000,0x000000009f758ff0,0x000000009f780000)
 Metaspace       used 87443K, committed 89216K, reserved 1179648K
  class space    used 8952K, committed 9728K, reserved 1048576K
}
Event: 57168.649 GC heap before
{Heap before GC invocations=1372 (full 4):
 PSYoungGen      total 4096K, used 4048K [0x00000000d5580000, 0x00000000d5a80000, 0x0000000100000000)
  eden space 3072K, 100% used [0x00000000d5580000,0x00000000d5880000,0x00000000d5880000)
  from space 1024K, 95% used [0x00000000d5880000,0x00000000d5974010,0x00000000d5980000)
  to   space 1024K, 0% used [0x00000000d5980000,0x00000000d5980000,0x00000000d5a80000)
 ParOldGen       total 515584K, used 515427K [0x0000000080000000, 0x000000009f780000, 0x00000000d5580000)
  object space 515584K, 99% used [0x0000000080000000,0x000000009f758ff0,0x000000009f780000)
 Metaspace       used 87445K, committed 89216K, reserved 1179648K
  class space    used 8952K, committed 9728K, reserved 1048576K
}
Event: 57168.650 GC heap after
{Heap after GC invocations=1372 (full 4):
 PSYoungGen      total 4096K, used 624K [0x00000000d5580000, 0x00000000d5a80000, 0x0000000100000000)
  eden space 3072K, 0% used [0x00000000d5580000,0x00000000d5580000,0x00000000d5880000)
  from space 1024K, 60% used [0x00000000d5980000,0x00000000d5a1c010,0x00000000d5a80000)
  to   space 1024K, 0% used [0x00000000d5880000,0x00000000d5880000,0x00000000d5980000)
 ParOldGen       total 515584K, used 515459K [0x0000000080000000, 0x000000009f780000, 0x00000000d5580000)
  object space 515584K, 99% used [0x0000000080000000,0x000000009f760ff0,0x000000009f780000)
 Metaspace       used 87445K, committed 89216K, reserved 1179648K
  class space    used 8952K, committed 9728K, reserved 1048576K
}
Event: 57168.683 GC heap before
{Heap before GC invocations=1373 (full 4):
 PSYoungGen      total 4096K, used 3696K [0x00000000d5580000, 0x00000000d5a80000, 0x0000000100000000)
  eden space 3072K, 100% used [0x00000000d5580000,0x00000000d5880000,0x00000000d5880000)
  from space 1024K, 60% used [0x00000000d5980000,0x00000000d5a1c010,0x00000000d5a80000)
  to   space 1024K, 0% used [0x00000000d5880000,0x00000000d5880000,0x00000000d5980000)
 ParOldGen       total 515584K, used 515459K [0x0000000080000000, 0x000000009f780000, 0x00000000d5580000)
  object space 515584K, 99% used [0x0000000080000000,0x000000009f760ff0,0x000000009f780000)
 Metaspace       used 87448K, committed 89216K, reserved 1179648K
  class space    used 8952K, committed 9728K, reserved 1048576K
}
Event: 57168.685 GC heap after
{Heap after GC invocations=1373 (full 4):
 PSYoungGen      total 4096K, used 256K [0x00000000d5580000, 0x00000000d5a00000, 0x0000000100000000)
  eden space 3072K, 0% used [0x00000000d5580000,0x00000000d5580000,0x00000000d5880000)
  from space 1024K, 25% used [0x00000000d5880000,0x00000000d58c0000,0x00000000d5980000)
  to   space 512K, 0% used [0x00000000d5980000,0x00000000d5980000,0x00000000d5a00000)
 ParOldGen       total 515584K, used 515523K [0x0000000080000000, 0x000000009f780000, 0x00000000d5580000)
  object space 515584K, 99% used [0x0000000080000000,0x000000009f770ff0,0x000000009f780000)
 Metaspace       used 87448K, committed 89216K, reserved 1179648K
  class space    used 8952K, committed 9728K, reserved 1048576K
}

