# JRE version: OpenJDK Runtime Environment Temurin-21.0.8+9 (21.0.8+9) (build 21.0.8+9-LTS)
# Java VM: OpenJDK 64-Bit Server VM Temurin-21.0.8+9 (21.0.8+9-LTS, mixed mode, sharing, tiered, compressed oops, compressed class ptrs, parallel gc, windows-amd64)
GC Precious Log:
 CardTable entry size: 512
 CPUs: 12 total, 12 available
 Memory: 16222M
 Large Page Support: Disabled
 NUMA Support: Disabled
 Compressed Oops: Enabled (32-bit)
 Alignments: Space 512K, Generation 512K, Heap 2M
 Heap Min Capacity: 100M
 Heap Initial Capacity: 100M
 Heap Max Capacity: 2G
 Pre-touch: Disabled
 Parallel Workers: 10
Heap:
 PSYoungGen      total 3584K, used 2676K [0x00000000d5580000, 0x00000000d5a00000, 0x0000000100000000)
  eden space 3072K, 76% used [0x00000000d5580000,0x00000000d57cd0f8,0x00000000d5880000)
  from space 512K, 62% used [0x00000000d5900000,0x00000000d5950000,0x00000000d5980000)
  to   space 512K, 0% used [0x00000000d5980000,0x00000000d5980000,0x00000000d5a00000)
 ParOldGen       total 529920K, used 529801K [0x0000000080000000, 0x00000000a0580000, 0x00000000d5580000)
  object space 529920K, 99% used [0x0000000080000000,0x00000000a0562498,0x00000000a0580000)
 Metaspace       used 74753K, committed 76288K, reserved 1179648K
  class space    used 7978K, committed 8640K, reserved 1048576K
GC Heap History (20 events):
Event: 37.714 GC heap before
{Heap before GC invocations=721 (full 3):
 PSYoungGen      total 4096K, used 3488K [0x00000000d5580000, 0x00000000d5a00000, 0x0000000100000000)
  eden space 3072K, 100% used [0x00000000d5580000,0x00000000d5880000,0x00000000d5880000)
  from space 1024K, 40% used [0x00000000d5880000,0x00000000d58e8000,0x00000000d5980000)
  to   space 512K, 0% used [0x00000000d5980000,0x00000000d5980000,0x00000000d5a00000)
 ParOldGen       total 525824K, used 525579K [0x0000000080000000, 0x00000000a0180000, 0x00000000d5580000)
  object space 525824K, 99% used [0x0000000080000000,0x00000000a0142ce8,0x00000000a0180000)
 Metaspace       used 73018K, committed 74560K, reserved 1179648K
  class space    used 7776K, committed 8448K, reserved 1048576K
}
Event: 37.717 GC heap after
{Heap after GC invocations=721 (full 3):
 PSYoungGen      total 3584K, used 512K [0x00000000d5580000, 0x00000000d5a80000, 0x0000000100000000)
  eden space 3072K, 0% used [0x00000000d5580000,0x00000000d5580000,0x00000000d5880000)
  from space 512K, 100% used [0x00000000d5980000,0x00000000d5a00000,0x00000000d5a00000)
  to   space 1024K, 0% used [0x00000000d5880000,0x00000000d5880000,0x00000000d5980000)
 ParOldGen       total 526336K, used 525883K [0x0000000080000000, 0x00000000a0200000, 0x00000000d5580000)
  object space 526336K, 99% used [0x0000000080000000,0x00000000a018ecf8,0x00000000a0200000)
 Metaspace       used 73018K, committed 74560K, reserved 1179648K
  class space    used 7776K, committed 8448K, reserved 1048576K
}
Event: 37.759 GC heap before
{Heap before GC invocations=722 (full 3):
 PSYoungGen      total 3584K, used 2902K [0x00000000d5580000, 0x00000000d5a80000, 0x0000000100000000)
  eden space 3072K, 77% used [0x00000000d5580000,0x00000000d57d5998,0x00000000d5880000)
  from space 512K, 100% used [0x00000000d5980000,0x00000000d5a00000,0x00000000d5a00000)
  to   space 1024K, 0% used [0x00000000d5880000,0x00000000d5880000,0x00000000d5980000)
 ParOldGen       total 526336K, used 525883K [0x0000000080000000, 0x00000000a0200000, 0x00000000d5580000)
  object space 526336K, 99% used [0x0000000080000000,0x00000000a018ecf8,0x00000000a0200000)
 Metaspace       used 73024K, committed 74560K, reserved 1179648K
  class space    used 7776K, committed 8448K, reserved 1048576K
}
Event: 37.762 GC heap after
{Heap after GC invocations=722 (full 3):
 PSYoungGen      total 4096K, used 672K [0x00000000d5580000, 0x00000000d5a80000, 0x0000000100000000)
  eden space 3072K, 0% used [0x00000000d5580000,0x00000000d5580000,0x00000000d5880000)
  from space 1024K, 65% used [0x00000000d5880000,0x00000000d5928000,0x00000000d5980000)
  to   space 1024K, 0% used [0x00000000d5980000,0x00000000d5980000,0x00000000d5a80000)
 ParOldGen       total 526848K, used 526336K [0x0000000080000000, 0x00000000a0280000, 0x00000000d5580000)
  object space 526848K, 99% used [0x0000000080000000,0x00000000a0200080,0x00000000a0280000)
 Metaspace       used 73024K, committed 74560K, reserved 1179648K
  class space    used 7776K, committed 8448K, reserved 1048576K
}
Event: 37.793 GC heap before
{Heap before GC invocations=723 (full 3):
 PSYoungGen      total 4096K, used 3744K [0x00000000d5580000, 0x00000000d5a80000, 0x0000000100000000)
  eden space 3072K, 100% used [0x00000000d5580000,0x00000000d5880000,0x00000000d5880000)
  from space 1024K, 65% used [0x00000000d5880000,0x00000000d5928000,0x00000000d5980000)
  to   space 1024K, 0% used [0x00000000d5980000,0x00000000d5980000,0x00000000d5a80000)
 ParOldGen       total 526848K, used 526336K [0x0000000080000000, 0x00000000a0280000, 0x00000000d5580000)
  object space 526848K, 99% used [0x0000000080000000,0x00000000a0200080,0x00000000a0280000)
 Metaspace       used 73026K, committed 74560K, reserved 1179648K
  class space    used 7776K, committed 8448K, reserved 1048576K
}
Event: 37.796 GC heap after
{Heap after GC invocations=723 (full 3):
 PSYoungGen      total 4096K, used 545K [0x00000000d5580000, 0x00000000d5a80000, 0x0000000100000000)
  eden space 3072K, 0% used [0x00000000d5580000,0x00000000d5580000,0x00000000d5880000)
  from space 1024K, 53% used [0x00000000d5980000,0x00000000d5a08460,0x00000000d5a80000)
  to   space 1024K, 0% used [0x00000000d5880000,0x00000000d5880000,0x00000000d5980000)
 ParOldGen       total 527360K, used 526896K [0x0000000080000000, 0x00000000a0300000, 0x00000000d5580000)
  object space 527360K, 99% used [0x0000000080000000,0x00000000a028c0a0,0x00000000a0300000)
 Metaspace       used 73026K, committed 74560K, reserved 1179648K
  class space    used 7776K, committed 8448K, reserved 1048576K
}
Event: 37.843 GC heap before
{Heap before GC invocations=724 (full 3):
 PSYoungGen      total 4096K, used 3617K [0x00000000d5580000, 0x00000000d5a80000, 0x0000000100000000)
  eden space 3072K, 100% used [0x00000000d5580000,0x00000000d5880000,0x00000000d5880000)
  from space 1024K, 53% used [0x00000000d5980000,0x00000000d5a08460,0x00000000d5a80000)
  to   space 1024K, 0% used [0x00000000d5880000,0x00000000d5880000,0x00000000d5980000)
 ParOldGen       total 527360K, used 526896K [0x0000000080000000, 0x00000000a0300000, 0x00000000d5580000)
  object space 527360K, 99% used [0x0000000080000000,0x00000000a028c0a0,0x00000000a0300000)
 Metaspace       used 73138K, committed 74624K, reserved 1179648K
  class space    used 7794K, committed 8448K, reserved 1048576K
}
Event: 37.847 GC heap after
{Heap after GC invocations=724 (full 3):
 PSYoungGen      total 4096K, used 825K [0x00000000d5580000, 0x00000000d5a80000, 0x0000000100000000)
  eden space 3072K, 0% used [0x00000000d5580000,0x00000000d5580000,0x00000000d5880000)
  from space 1024K, 80% used [0x00000000d5880000,0x00000000d594e6e8,0x00000000d5980000)
  to   space 1024K, 0% used [0x00000000d5980000,0x00000000d5980000,0x00000000d5a80000)
 ParOldGen       total 527360K, used 527297K [0x0000000080000000, 0x00000000a0300000, 0x00000000d5580000)
  object space 527360K, 99% used [0x0000000080000000,0x00000000a02f0500,0x00000000a0300000)
 Metaspace       used 73138K, committed 74624K, reserved 1179648K
  class space    used 7794K, committed 8448K, reserved 1048576K
}
Event: 37.882 GC heap before
{Heap before GC invocations=725 (full 3):
 PSYoungGen      total 4096K, used 3897K [0x00000000d5580000, 0x00000000d5a80000, 0x0000000100000000)
  eden space 3072K, 100% used [0x00000000d5580000,0x00000000d5880000,0x00000000d5880000)
  from space 1024K, 80% used [0x00000000d5880000,0x00000000d594e6e8,0x00000000d5980000)
  to   space 1024K, 0% used [0x00000000d5980000,0x00000000d5980000,0x00000000d5a80000)
 ParOldGen       total 527360K, used 527297K [0x0000000080000000, 0x00000000a0300000, 0x00000000d5580000)
  object space 527360K, 99% used [0x0000000080000000,0x00000000a02f0500,0x00000000a0300000)
 Metaspace       used 73161K, committed 74688K, reserved 1179648K
  class space    used 7796K, committed 8448K, reserved 1048576K
}
Event: 37.884 GC heap after
{Heap after GC invocations=725 (full 3):
 PSYoungGen      total 4096K, used 752K [0x00000000d5580000, 0x00000000d5a80000, 0x0000000100000000)
  eden space 3072K, 0% used [0x00000000d5580000,0x00000000d5580000,0x00000000d5880000)
  from space 1024K, 73% used [0x00000000d5980000,0x00000000d5a3c010,0x00000000d5a80000)
  to   space 1024K, 0% used [0x00000000d5880000,0x00000000d5880000,0x00000000d5980000)
 ParOldGen       total 527872K, used 527680K [0x0000000080000000, 0x00000000a0380000, 0x00000000d5580000)
  object space 527872K, 99% used [0x0000000080000000,0x00000000a0350158,0x00000000a0380000)
 Metaspace       used 73161K, committed 74688K, reserved 1179648K
  class space    used 7796K, committed 8448K, reserved 1048576K
}
Event: 37.966 GC heap before
{Heap before GC invocations=726 (full 3):
 PSYoungGen      total 4096K, used 3822K [0x00000000d5580000, 0x00000000d5a80000, 0x0000000100000000)
  eden space 3072K, 99% used [0x00000000d5580000,0x00000000d587f928,0x00000000d5880000)
  from space 1024K, 73% used [0x00000000d5980000,0x00000000d5a3c010,0x00000000d5a80000)
  to   space 1024K, 0% used [0x00000000d5880000,0x00000000d5880000,0x00000000d5980000)
 ParOldGen       total 527872K, used 527680K [0x0000000080000000, 0x00000000a0380000, 0x00000000d5580000)
  object space 527872K, 99% used [0x0000000080000000,0x00000000a0350158,0x00000000a0380000)
 Metaspace       used 73265K, committed 74752K, reserved 1179648K
  class space    used 7799K, committed 8448K, reserved 1048576K
}
Event: 37.968 GC heap after
{Heap after GC invocations=726 (full 3):
 PSYoungGen      total 4096K, used 896K [0x00000000d5580000, 0x00000000d5a80000, 0x0000000100000000)
  eden space 3072K, 0% used [0x00000000d5580000,0x00000000d5580000,0x00000000d5880000)
  from space 1024K, 87% used [0x00000000d5880000,0x00000000d5960000,0x00000000d5980000)
  to   space 1024K, 0% used [0x00000000d5980000,0x00000000d5980000,0x00000000d5a80000)
 ParOldGen       total 528384K, used 528358K [0x0000000080000000, 0x00000000a0400000, 0x00000000d5580000)
  object space 528384K, 99% used [0x0000000080000000,0x00000000a03f9a98,0x00000000a0400000)
 Metaspace       used 73265K, committed 74752K, reserved 1179648K
  class space    used 7799K, committed 8448K, reserved 1048576K
}
Event: 38.038 GC heap before
{Heap before GC invocations=727 (full 3):
 PSYoungGen      total 4096K, used 3968K [0x00000000d5580000, 0x00000000d5a80000, 0x0000000100000000)
  eden space 3072K, 100% used [0x00000000d5580000,0x00000000d5880000,0x00000000d5880000)
  from space 1024K, 87% used [0x00000000d5880000,0x00000000d5960000,0x00000000d5980000)
  to   space 1024K, 0% used [0x00000000d5980000,0x00000000d5980000,0x00000000d5a80000)
 ParOldGen       total 528384K, used 528358K [0x0000000080000000, 0x00000000a0400000, 0x00000000d5580000)
  object space 528384K, 99% used [0x0000000080000000,0x00000000a03f9a98,0x00000000a0400000)
 Metaspace       used 73663K, committed 75200K, reserved 1179648K
  class space    used 7839K, committed 8512K, reserved 1048576K
}
Event: 38.041 GC heap after
{Heap after GC invocations=727 (full 3):
 PSYoungGen      total 4096K, used 427K [0x00000000d5580000, 0x00000000d5a80000, 0x0000000100000000)
  eden space 3072K, 0% used [0x00000000d5580000,0x00000000d5580000,0x00000000d5880000)
  from space 1024K, 41% used [0x00000000d5980000,0x00000000d59eaf88,0x00000000d5a80000)
  to   space 1024K, 0% used [0x00000000d5880000,0x00000000d5880000,0x00000000d5980000)
 ParOldGen       total 529408K, used 529169K [0x0000000080000000, 0x00000000a0500000, 0x00000000d5580000)
  object space 529408K, 99% used [0x0000000080000000,0x00000000a04c4498,0x00000000a0500000)
 Metaspace       used 73663K, committed 75200K, reserved 1179648K
  class space    used 7839K, committed 8512K, reserved 1048576K
}
Event: 38.105 GC heap before
{Heap before GC invocations=728 (full 3):
 PSYoungGen      total 4096K, used 3499K [0x00000000d5580000, 0x00000000d5a80000, 0x0000000100000000)
  eden space 3072K, 100% used [0x00000000d5580000,0x00000000d5880000,0x00000000d5880000)
  from space 1024K, 41% used [0x00000000d5980000,0x00000000d59eaf88,0x00000000d5a80000)
  to   space 1024K, 0% used [0x00000000d5880000,0x00000000d5880000,0x00000000d5980000)
 ParOldGen       total 529408K, used 529169K [0x0000000080000000, 0x00000000a0500000, 0x00000000d5580000)
  object space 529408K, 99% used [0x0000000080000000,0x00000000a04c4498,0x00000000a0500000)
 Metaspace       used 73976K, committed 75520K, reserved 1179648K
  class space    used 7874K, committed 8576K, reserved 1048576K
}
Event: 38.107 GC heap after
{Heap after GC invocations=728 (full 3):
 PSYoungGen      total 4096K, used 480K [0x00000000d5580000, 0x00000000d5a00000, 0x0000000100000000)
  eden space 3072K, 0% used [0x00000000d5580000,0x00000000d5580000,0x00000000d5880000)
  from space 1024K, 46% used [0x00000000d5880000,0x00000000d58f8000,0x00000000d5980000)
  to   space 512K, 0% used [0x00000000d5980000,0x00000000d5980000,0x00000000d5a00000)
 ParOldGen       total 529408K, used 529289K [0x0000000080000000, 0x00000000a0500000, 0x00000000d5580000)
  object space 529408K, 99% used [0x0000000080000000,0x00000000a04e2498,0x00000000a0500000)
 Metaspace       used 73976K, committed 75520K, reserved 1179648K
  class space    used 7874K, committed 8576K, reserved 1048576K
}
Event: 75.630 GC heap before
{Heap before GC invocations=729 (full 3):
 PSYoungGen      total 4096K, used 3552K [0x00000000d5580000, 0x00000000d5a00000, 0x0000000100000000)
  eden space 3072K, 100% used [0x00000000d5580000,0x00000000d5880000,0x00000000d5880000)
  from space 1024K, 46% used [0x00000000d5880000,0x00000000d58f8000,0x00000000d5980000)
  to   space 512K, 0% used [0x00000000d5980000,0x00000000d5980000,0x00000000d5a00000)
 ParOldGen       total 529408K, used 529289K [0x0000000080000000, 0x00000000a0500000, 0x00000000d5580000)
  object space 529408K, 99% used [0x0000000080000000,0x00000000a04e2498,0x00000000a0500000)
 Metaspace       used 74222K, committed 75712K, reserved 1179648K
  class space    used 7905K, committed 8576K, reserved 1048576K
}
Event: 75.632 GC heap after
{Heap after GC invocations=729 (full 3):
 PSYoungGen      total 3584K, used 288K [0x00000000d5580000, 0x00000000d5a00000, 0x0000000100000000)
  eden space 3072K, 0% used [0x00000000d5580000,0x00000000d5580000,0x00000000d5880000)
  from space 512K, 56% used [0x00000000d5980000,0x00000000d59c8000,0x00000000d5a00000)
  to   space 512K, 0% used [0x00000000d5900000,0x00000000d5900000,0x00000000d5980000)
 ParOldGen       total 529920K, used 529673K [0x0000000080000000, 0x00000000a0580000, 0x00000000d5580000)
  object space 529920K, 99% used [0x0000000080000000,0x00000000a0542498,0x00000000a0580000)
 Metaspace       used 74222K, committed 75712K, reserved 1179648K
  class space    used 7905K, committed 8576K, reserved 1048576K
}
Event: 97.129 GC heap before
{Heap before GC invocations=730 (full 3):
 PSYoungGen      total 3584K, used 3360K [0x00000000d5580000, 0x00000000d5a00000, 0x0000000100000000)
  eden space 3072K, 100% used [0x00000000d5580000,0x00000000d5880000,0x00000000d5880000)
  from space 512K, 56% used [0x00000000d5980000,0x00000000d59c8000,0x00000000d5a00000)
  to   space 512K, 0% used [0x00000000d5900000,0x00000000d5900000,0x00000000d5980000)
 ParOldGen       total 529920K, used 529673K [0x0000000080000000, 0x00000000a0580000, 0x00000000d5580000)
  object space 529920K, 99% used [0x0000000080000000,0x00000000a0542498,0x00000000a0580000)
 Metaspace       used 74426K, committed 75968K, reserved 1179648K
  class space    used 7949K, committed 8640K, reserved 1048576K
}
Event: 97.131 GC heap after
{Heap after GC invocations=730 (full 3):
 PSYoungGen      total 3584K, used 320K [0x00000000d5580000, 0x00000000d5a00000, 0x0000000100000000)
  eden space 3072K, 0% used [0x00000000d5580000,0x00000000d5580000,0x00000000d5880000)
  from space 512K, 62% used [0x00000000d5900000,0x00000000d5950000,0x00000000d5980000)
  to   space 512K, 0% used [0x00000000d5980000,0x00000000d5980000,0x00000000d5a00000)
 ParOldGen       total 529920K, used 529801K [0x0000000080000000, 0x00000000a0580000, 0x00000000d5580000)
  object space 529920K, 99% used [0x0000000080000000,0x00000000a0562498,0x00000000a0580000)
 Metaspace       used 74426K, committed 75968K, reserved 1179648K
  class space    used 7949K, committed 8640K, reserved 1048576K
}

