# JRE version: OpenJDK Runtime Environment Temurin-21.0.8+9 (21.0.8+9) (build 21.0.8+9-LTS)
# Java VM: OpenJDK 64-Bit Server VM Temurin-21.0.8+9 (21.0.8+9-LTS, mixed mode, sharing, tiered, compressed oops, compressed class ptrs, parallel gc, windows-amd64)
GC Precious Log:
 CardTable entry size: 512
 CPUs: 12 total, 12 available
 Memory: 16222M
 Large Page Support: Disabled
 NUMA Support: Disabled
 Compressed Oops: Enabled (32-bit)
 Alignments: Space 512K, Generation 512K, Heap 2M
 Heap Min Capacity: 100M
 Heap Initial Capacity: 100M
 Heap Max Capacity: 2G
 Pre-touch: Disabled
 Parallel Workers: 10
Heap:
 PSYoungGen      total 23552K, used 19249K [0x00000000d5580000, 0x00000000d7380000, 0x0000000100000000)
  eden space 21504K, 80% used [0x00000000d5580000,0x00000000d6652c50,0x00000000d6a80000)
  from space 2048K, 98% used [0x00000000d6a80000,0x00000000d6c79960,0x00000000d6c80000)
  to   space 4608K, 0% used [0x00000000d6f00000,0x00000000d6f00000,0x00000000d7380000)
 ParOldGen       total 68608K, used 48830K [0x0000000080000000, 0x0000000084300000, 0x00000000d5580000)
  object space 68608K, 71% used [0x0000000080000000,0x0000000082fafa10,0x0000000084300000)
 Metaspace       used 56845K, committed 58176K, reserved 1114112K
  class space    used 6094K, committed 6656K, reserved 1048576K
GC Heap History (20 events):
Event: 5.301 GC heap before
{Heap before GC invocations=24 (full 2):
 PSYoungGen      total 24064K, used 23556K [0x00000000d5580000, 0x00000000d7080000, 0x0000000100000000)
  eden space 21504K, 100% used [0x00000000d5580000,0x00000000d6a80000,0x00000000d6a80000)
  from space 2560K, 80% used [0x00000000d6a80000,0x00000000d6c81000,0x00000000d6d00000)
  to   space 3072K, 0% used [0x00000000d6d80000,0x00000000d6d80000,0x00000000d7080000)
 ParOldGen       total 68608K, used 35096K [0x0000000080000000, 0x0000000084300000, 0x00000000d5580000)
  object space 68608K, 51% used [0x0000000080000000,0x00000000822463d8,0x0000000084300000)
 Metaspace       used 41774K, committed 43072K, reserved 1114112K
  class space    used 4449K, committed 5056K, reserved 1048576K
}
Event: 5.305 GC heap after
{Heap after GC invocations=24 (full 2):
 PSYoungGen      total 24064K, used 2144K [0x00000000d5580000, 0x00000000d7000000, 0x0000000100000000)
  eden space 21504K, 0% used [0x00000000d5580000,0x00000000d5580000,0x00000000d6a80000)
  from space 2560K, 83% used [0x00000000d6d80000,0x00000000d6f98010,0x00000000d7000000)
  to   space 2560K, 0% used [0x00000000d6a80000,0x00000000d6a80000,0x00000000d6d00000)
 ParOldGen       total 68608K, used 36990K [0x0000000080000000, 0x0000000084300000, 0x00000000d5580000)
  object space 68608K, 53% used [0x0000000080000000,0x000000008241fa00,0x0000000084300000)
 Metaspace       used 41774K, committed 43072K, reserved 1114112K
  class space    used 4449K, committed 5056K, reserved 1048576K
}
Event: 5.377 GC heap before
{Heap before GC invocations=25 (full 2):
 PSYoungGen      total 24064K, used 23648K [0x00000000d5580000, 0x00000000d7000000, 0x0000000100000000)
  eden space 21504K, 100% used [0x00000000d5580000,0x00000000d6a80000,0x00000000d6a80000)
  from space 2560K, 83% used [0x00000000d6d80000,0x00000000d6f98010,0x00000000d7000000)
  to   space 2560K, 0% used [0x00000000d6a80000,0x00000000d6a80000,0x00000000d6d00000)
 ParOldGen       total 68608K, used 36990K [0x0000000080000000, 0x0000000084300000, 0x00000000d5580000)
  object space 68608K, 53% used [0x0000000080000000,0x000000008241fa00,0x0000000084300000)
 Metaspace       used 42310K, committed 43584K, reserved 1114112K
  class space    used 4512K, committed 5120K, reserved 1048576K
}
Event: 5.380 GC heap after
{Heap after GC invocations=25 (full 2):
 PSYoungGen      total 23552K, used 1944K [0x00000000d5580000, 0x00000000d6e80000, 0x0000000100000000)
  eden space 21504K, 0% used [0x00000000d5580000,0x00000000d5580000,0x00000000d6a80000)
  from space 2048K, 94% used [0x00000000d6a80000,0x00000000d6c66200,0x00000000d6c80000)
  to   space 2048K, 0% used [0x00000000d6c80000,0x00000000d6c80000,0x00000000d6e80000)
 ParOldGen       total 68608K, used 39019K [0x0000000080000000, 0x0000000084300000, 0x00000000d5580000)
  object space 68608K, 56% used [0x0000000080000000,0x000000008261ad68,0x0000000084300000)
 Metaspace       used 42310K, committed 43584K, reserved 1114112K
  class space    used 4512K, committed 5120K, reserved 1048576K
}
Event: 5.559 GC heap before
{Heap before GC invocations=26 (full 2):
 PSYoungGen      total 23552K, used 23448K [0x00000000d5580000, 0x00000000d6e80000, 0x0000000100000000)
  eden space 21504K, 100% used [0x00000000d5580000,0x00000000d6a80000,0x00000000d6a80000)
  from space 2048K, 94% used [0x00000000d6a80000,0x00000000d6c66200,0x00000000d6c80000)
  to   space 2048K, 0% used [0x00000000d6c80000,0x00000000d6c80000,0x00000000d6e80000)
 ParOldGen       total 68608K, used 39019K [0x0000000080000000, 0x0000000084300000, 0x00000000d5580000)
  object space 68608K, 56% used [0x0000000080000000,0x000000008261ad68,0x0000000084300000)
 Metaspace       used 44171K, committed 45440K, reserved 1114112K
  class space    used 4725K, committed 5312K, reserved 1048576K
}
Event: 5.562 GC heap after
{Heap after GC invocations=26 (full 2):
 PSYoungGen      total 23552K, used 1440K [0x00000000d5580000, 0x00000000d6e80000, 0x0000000100000000)
  eden space 21504K, 0% used [0x00000000d5580000,0x00000000d5580000,0x00000000d6a80000)
  from space 2048K, 70% used [0x00000000d6c80000,0x00000000d6de8000,0x00000000d6e80000)
  to   space 2048K, 0% used [0x00000000d6a80000,0x00000000d6a80000,0x00000000d6c80000)
 ParOldGen       total 68608K, used 40795K [0x0000000080000000, 0x0000000084300000, 0x00000000d5580000)
  object space 68608K, 59% used [0x0000000080000000,0x00000000827d6f68,0x0000000084300000)
 Metaspace       used 44171K, committed 45440K, reserved 1114112K
  class space    used 4725K, committed 5312K, reserved 1048576K
}
Event: 5.973 GC heap before
{Heap before GC invocations=27 (full 2):
 PSYoungGen      total 23552K, used 22944K [0x00000000d5580000, 0x00000000d6e80000, 0x0000000100000000)
  eden space 21504K, 100% used [0x00000000d5580000,0x00000000d6a80000,0x00000000d6a80000)
  from space 2048K, 70% used [0x00000000d6c80000,0x00000000d6de8000,0x00000000d6e80000)
  to   space 2048K, 0% used [0x00000000d6a80000,0x00000000d6a80000,0x00000000d6c80000)
 ParOldGen       total 68608K, used 40795K [0x0000000080000000, 0x0000000084300000, 0x00000000d5580000)
  object space 68608K, 59% used [0x0000000080000000,0x00000000827d6f68,0x0000000084300000)
 Metaspace       used 46754K, committed 48064K, reserved 1114112K
  class space    used 5084K, committed 5632K, reserved 1048576K
}
Event: 5.975 GC heap after
{Heap after GC invocations=27 (full 2):
 PSYoungGen      total 23040K, used 1440K [0x00000000d5580000, 0x00000000d6d80000, 0x0000000100000000)
  eden space 21504K, 0% used [0x00000000d5580000,0x00000000d5580000,0x00000000d6a80000)
  from space 1536K, 93% used [0x00000000d6a80000,0x00000000d6be8000,0x00000000d6c00000)
  to   space 1536K, 0% used [0x00000000d6c00000,0x00000000d6c00000,0x00000000d6d80000)
 ParOldGen       total 68608K, used 42127K [0x0000000080000000, 0x0000000084300000, 0x00000000d5580000)
  object space 68608K, 61% used [0x0000000080000000,0x0000000082923ee8,0x0000000084300000)
 Metaspace       used 46754K, committed 48064K, reserved 1114112K
  class space    used 5084K, committed 5632K, reserved 1048576K
}
Event: 6.171 GC heap before
{Heap before GC invocations=28 (full 2):
 PSYoungGen      total 23040K, used 22944K [0x00000000d5580000, 0x00000000d6d80000, 0x0000000100000000)
  eden space 21504K, 100% used [0x00000000d5580000,0x00000000d6a80000,0x00000000d6a80000)
  from space 1536K, 93% used [0x00000000d6a80000,0x00000000d6be8000,0x00000000d6c00000)
  to   space 1536K, 0% used [0x00000000d6c00000,0x00000000d6c00000,0x00000000d6d80000)
 ParOldGen       total 68608K, used 42127K [0x0000000080000000, 0x0000000084300000, 0x00000000d5580000)
  object space 68608K, 61% used [0x0000000080000000,0x0000000082923ee8,0x0000000084300000)
 Metaspace       used 49609K, committed 50880K, reserved 1114112K
  class space    used 5395K, committed 5952K, reserved 1048576K
}
Event: 6.173 GC heap after
{Heap after GC invocations=28 (full 2):
 PSYoungGen      total 23040K, used 1321K [0x00000000d5580000, 0x00000000d6d80000, 0x0000000100000000)
  eden space 21504K, 0% used [0x00000000d5580000,0x00000000d5580000,0x00000000d6a80000)
  from space 1536K, 86% used [0x00000000d6c00000,0x00000000d6d4a600,0x00000000d6d80000)
  to   space 1536K, 0% used [0x00000000d6a80000,0x00000000d6a80000,0x00000000d6c00000)
 ParOldGen       total 68608K, used 43379K [0x0000000080000000, 0x0000000084300000, 0x00000000d5580000)
  object space 68608K, 63% used [0x0000000080000000,0x0000000082a5cf18,0x0000000084300000)
 Metaspace       used 49609K, committed 50880K, reserved 1114112K
  class space    used 5395K, committed 5952K, reserved 1048576K
}
Event: 6.449 GC heap before
{Heap before GC invocations=29 (full 2):
 PSYoungGen      total 23040K, used 22820K [0x00000000d5580000, 0x00000000d6d80000, 0x0000000100000000)
  eden space 21504K, 99% used [0x00000000d5580000,0x00000000d6a7ea28,0x00000000d6a80000)
  from space 1536K, 86% used [0x00000000d6c00000,0x00000000d6d4a600,0x00000000d6d80000)
  to   space 1536K, 0% used [0x00000000d6a80000,0x00000000d6a80000,0x00000000d6c00000)
 ParOldGen       total 68608K, used 43379K [0x0000000080000000, 0x0000000084300000, 0x00000000d5580000)
  object space 68608K, 63% used [0x0000000080000000,0x0000000082a5cf18,0x0000000084300000)
 Metaspace       used 51111K, committed 52416K, reserved 1114112K
  class space    used 5558K, committed 6144K, reserved 1048576K
}
Event: 6.452 GC heap after
{Heap after GC invocations=29 (full 2):
 PSYoungGen      total 23040K, used 1520K [0x00000000d5580000, 0x00000000d7180000, 0x0000000100000000)
  eden space 21504K, 0% used [0x00000000d5580000,0x00000000d5580000,0x00000000d6a80000)
  from space 1536K, 98% used [0x00000000d6a80000,0x00000000d6bfc048,0x00000000d6c00000)
  to   space 3584K, 0% used [0x00000000d6e00000,0x00000000d6e00000,0x00000000d7180000)
 ParOldGen       total 68608K, used 44768K [0x0000000080000000, 0x0000000084300000, 0x00000000d5580000)
  object space 68608K, 65% used [0x0000000080000000,0x0000000082bb8150,0x0000000084300000)
 Metaspace       used 51111K, committed 52416K, reserved 1114112K
  class space    used 5558K, committed 6144K, reserved 1048576K
}
Event: 6.545 GC heap before
{Heap before GC invocations=30 (full 2):
 PSYoungGen      total 23040K, used 22949K [0x00000000d5580000, 0x00000000d7180000, 0x0000000100000000)
  eden space 21504K, 99% used [0x00000000d5580000,0x00000000d6a6d5d8,0x00000000d6a80000)
  from space 1536K, 98% used [0x00000000d6a80000,0x00000000d6bfc048,0x00000000d6c00000)
  to   space 3584K, 0% used [0x00000000d6e00000,0x00000000d6e00000,0x00000000d7180000)
 ParOldGen       total 68608K, used 44768K [0x0000000080000000, 0x0000000084300000, 0x00000000d5580000)
  object space 68608K, 65% used [0x0000000080000000,0x0000000082bb8150,0x0000000084300000)
 Metaspace       used 51138K, committed 52480K, reserved 1114112K
  class space    used 5558K, committed 6144K, reserved 1048576K
}
Event: 6.546 GC heap after
{Heap after GC invocations=30 (full 2):
 PSYoungGen      total 23040K, used 1193K [0x00000000d5580000, 0x00000000d6f80000, 0x0000000100000000)
  eden space 21504K, 0% used [0x00000000d5580000,0x00000000d5580000,0x00000000d6a80000)
  from space 1536K, 77% used [0x00000000d6e00000,0x00000000d6f2a580,0x00000000d6f80000)
  to   space 2048K, 0% used [0x00000000d6b80000,0x00000000d6b80000,0x00000000d6d80000)
 ParOldGen       total 68608K, used 46012K [0x0000000080000000, 0x0000000084300000, 0x00000000d5580000)
  object space 68608K, 67% used [0x0000000080000000,0x0000000082cef020,0x0000000084300000)
 Metaspace       used 51138K, committed 52480K, reserved 1114112K
  class space    used 5558K, committed 6144K, reserved 1048576K
}
Event: 6.835 GC heap before
{Heap before GC invocations=31 (full 2):
 PSYoungGen      total 23040K, used 22697K [0x00000000d5580000, 0x00000000d6f80000, 0x0000000100000000)
  eden space 21504K, 100% used [0x00000000d5580000,0x00000000d6a80000,0x00000000d6a80000)
  from space 1536K, 77% used [0x00000000d6e00000,0x00000000d6f2a580,0x00000000d6f80000)
  to   space 2048K, 0% used [0x00000000d6b80000,0x00000000d6b80000,0x00000000d6d80000)
 ParOldGen       total 68608K, used 46012K [0x0000000080000000, 0x0000000084300000, 0x00000000d5580000)
  object space 68608K, 67% used [0x0000000080000000,0x0000000082cef020,0x0000000084300000)
 Metaspace       used 52654K, committed 53952K, reserved 1114112K
  class space    used 5731K, committed 6336K, reserved 1048576K
}
Event: 6.837 GC heap after
{Heap after GC invocations=31 (full 2):
 PSYoungGen      total 23552K, used 384K [0x00000000d5580000, 0x00000000d6e80000, 0x0000000100000000)
  eden space 21504K, 0% used [0x00000000d5580000,0x00000000d5580000,0x00000000d6a80000)
  from space 2048K, 18% used [0x00000000d6b80000,0x00000000d6be0000,0x00000000d6d80000)
  to   space 1024K, 0% used [0x00000000d6d80000,0x00000000d6d80000,0x00000000d6e80000)
 ParOldGen       total 68608K, used 46196K [0x0000000080000000, 0x0000000084300000, 0x00000000d5580000)
  object space 68608K, 67% used [0x0000000080000000,0x0000000082d1d020,0x0000000084300000)
 Metaspace       used 52654K, committed 53952K, reserved 1114112K
  class space    used 5731K, committed 6336K, reserved 1048576K
}
Event: 7.229 GC heap before
{Heap before GC invocations=32 (full 2):
 PSYoungGen      total 23552K, used 21888K [0x00000000d5580000, 0x00000000d6e80000, 0x0000000100000000)
  eden space 21504K, 100% used [0x00000000d5580000,0x00000000d6a80000,0x00000000d6a80000)
  from space 2048K, 18% used [0x00000000d6b80000,0x00000000d6be0000,0x00000000d6d80000)
  to   space 1024K, 0% used [0x00000000d6d80000,0x00000000d6d80000,0x00000000d6e80000)
 ParOldGen       total 68608K, used 46196K [0x0000000080000000, 0x0000000084300000, 0x00000000d5580000)
  object space 68608K, 67% used [0x0000000080000000,0x0000000082d1d020,0x0000000084300000)
 Metaspace       used 53998K, committed 55360K, reserved 1114112K
  class space    used 5856K, committed 6464K, reserved 1048576K
}
Event: 7.231 GC heap after
{Heap after GC invocations=32 (full 2):
 PSYoungGen      total 22528K, used 1019K [0x00000000d5580000, 0x00000000d6e80000, 0x0000000100000000)
  eden space 21504K, 0% used [0x00000000d5580000,0x00000000d5580000,0x00000000d6a80000)
  from space 1024K, 99% used [0x00000000d6d80000,0x00000000d6e7ec18,0x00000000d6e80000)
  to   space 2048K, 0% used [0x00000000d6a80000,0x00000000d6a80000,0x00000000d6c80000)
 ParOldGen       total 68608K, used 46736K [0x0000000080000000, 0x0000000084300000, 0x00000000d5580000)
  object space 68608K, 68% used [0x0000000080000000,0x0000000082da4080,0x0000000084300000)
 Metaspace       used 53998K, committed 55360K, reserved 1114112K
  class space    used 5856K, committed 6464K, reserved 1048576K
}
Event: 7.629 GC heap before
{Heap before GC invocations=33 (full 2):
 PSYoungGen      total 22528K, used 22523K [0x00000000d5580000, 0x00000000d6e80000, 0x0000000100000000)
  eden space 21504K, 100% used [0x00000000d5580000,0x00000000d6a80000,0x00000000d6a80000)
  from space 1024K, 99% used [0x00000000d6d80000,0x00000000d6e7ec18,0x00000000d6e80000)
  to   space 2048K, 0% used [0x00000000d6a80000,0x00000000d6a80000,0x00000000d6c80000)
 ParOldGen       total 68608K, used 46736K [0x0000000080000000, 0x0000000084300000, 0x00000000d5580000)
  object space 68608K, 68% used [0x0000000080000000,0x0000000082da4080,0x0000000084300000)
 Metaspace       used 55731K, committed 57024K, reserved 1114112K
  class space    used 5986K, committed 6528K, reserved 1048576K
}
Event: 7.632 GC heap after
{Heap after GC invocations=33 (full 2):
 PSYoungGen      total 23552K, used 2022K [0x00000000d5580000, 0x00000000d7380000, 0x0000000100000000)
  eden space 21504K, 0% used [0x00000000d5580000,0x00000000d5580000,0x00000000d6a80000)
  from space 2048K, 98% used [0x00000000d6a80000,0x00000000d6c79960,0x00000000d6c80000)
  to   space 4608K, 0% used [0x00000000d6f00000,0x00000000d6f00000,0x00000000d7380000)
 ParOldGen       total 68608K, used 48830K [0x0000000080000000, 0x0000000084300000, 0x00000000d5580000)
  object space 68608K, 71% used [0x0000000080000000,0x0000000082fafa10,0x0000000084300000)
 Metaspace       used 55731K, committed 57024K, reserved 1114112K
  class space    used 5986K, committed 6528K, reserved 1048576K
}

