# JRE version: OpenJDK Runtime Environment Temurin-21.0.8+9 (21.0.8+9) (build 21.0.8+9-LTS)
# Java VM: OpenJDK 64-Bit Server VM Temurin-21.0.8+9 (21.0.8+9-LTS, mixed mode, sharing, tiered, compressed oops, compressed class ptrs, parallel gc, windows-amd64)
GC Precious Log:
 CardTable entry size: 512
 CPUs: 12 total, 12 available
 Memory: 16222M
 Large Page Support: Disabled
 NUMA Support: Disabled
 Compressed Oops: Enabled (32-bit)
 Alignments: Space 512K, Generation 512K, Heap 2M
 Heap Min Capacity: 100M
 Heap Initial Capacity: 100M
 Heap Max Capacity: 2G
 Pre-touch: Disabled
 Parallel Workers: 10
Heap:
 PSYoungGen      total 19456K, used 6037K [0x00000000d5580000, 0x00000000d6e80000, 0x0000000100000000)
  eden space 18432K, 27% used [0x00000000d5580000,0x00000000d5a6d478,0x00000000d6780000)
  from space 1024K, 96% used [0x00000000d6a80000,0x00000000d6b78010,0x00000000d6b80000)
  to   space 3072K, 0% used [0x00000000d6780000,0x00000000d6780000,0x00000000d6a80000)
 ParOldGen       total 68608K, used 43534K [0x0000000080000000, 0x0000000084300000, 0x00000000d5580000)
  object space 68608K, 63% used [0x0000000080000000,0x0000000082a83960,0x0000000084300000)
 Metaspace       used 49399K, committed 50688K, reserved 1114112K
  class space    used 5385K, committed 5952K, reserved 1048576K
GC Heap History (20 events):
Event: 5.039 GC heap before
{Heap before GC invocations=19 (full 2):
 PSYoungGen      total 22528K, used 22079K [0x00000000d5580000, 0x00000000d6f80000, 0x0000000100000000)
  eden space 19968K, 99% used [0x00000000d5580000,0x00000000d68fffd8,0x00000000d6900000)
  from space 2560K, 82% used [0x00000000d6d00000,0x00000000d6f10010,0x00000000d6f80000)
  to   space 2560K, 0% used [0x00000000d6a80000,0x00000000d6a80000,0x00000000d6d00000)
 ParOldGen       total 68608K, used 26617K [0x0000000080000000, 0x0000000084300000, 0x00000000d5580000)
  object space 68608K, 38% used [0x0000000080000000,0x00000000819fe7b0,0x0000000084300000)
 Metaspace       used 39833K, committed 41088K, reserved 1114112K
  class space    used 4207K, committed 4800K, reserved 1048576K
}
Event: 5.041 GC heap after
{Heap after GC invocations=19 (full 2):
 PSYoungGen      total 22528K, used 2321K [0x00000000d5580000, 0x00000000d6e00000, 0x0000000100000000)
  eden space 19968K, 0% used [0x00000000d5580000,0x00000000d5580000,0x00000000d6900000)
  from space 2560K, 90% used [0x00000000d6a80000,0x00000000d6cc4560,0x00000000d6d00000)
  to   space 1024K, 0% used [0x00000000d6d00000,0x00000000d6d00000,0x00000000d6e00000)
 ParOldGen       total 68608K, used 28561K [0x0000000080000000, 0x0000000084300000, 0x00000000d5580000)
  object space 68608K, 41% used [0x0000000080000000,0x0000000081be47c0,0x0000000084300000)
 Metaspace       used 39833K, committed 41088K, reserved 1114112K
  class space    used 4207K, committed 4800K, reserved 1048576K
}
Event: 5.091 GC heap before
{Heap before GC invocations=20 (full 2):
 PSYoungGen      total 22528K, used 22289K [0x00000000d5580000, 0x00000000d6e00000, 0x0000000100000000)
  eden space 19968K, 100% used [0x00000000d5580000,0x00000000d6900000,0x00000000d6900000)
  from space 2560K, 90% used [0x00000000d6a80000,0x00000000d6cc4560,0x00000000d6d00000)
  to   space 1024K, 0% used [0x00000000d6d00000,0x00000000d6d00000,0x00000000d6e00000)
 ParOldGen       total 68608K, used 28561K [0x0000000080000000, 0x0000000084300000, 0x00000000d5580000)
  object space 68608K, 41% used [0x0000000080000000,0x0000000081be47c0,0x0000000084300000)
 Metaspace       used 39989K, committed 41280K, reserved 1114112K
  class space    used 4232K, committed 4800K, reserved 1048576K
}
Event: 5.093 GC heap after
{Heap after GC invocations=20 (full 2):
 PSYoungGen      total 20480K, used 1005K [0x00000000d5580000, 0x00000000d7200000, 0x0000000100000000)
  eden space 19456K, 0% used [0x00000000d5580000,0x00000000d5580000,0x00000000d6880000)
  from space 1024K, 98% used [0x00000000d6d00000,0x00000000d6dfb680,0x00000000d6e00000)
  to   space 4608K, 0% used [0x00000000d6880000,0x00000000d6880000,0x00000000d6d00000)
 ParOldGen       total 68608K, used 31798K [0x0000000080000000, 0x0000000084300000, 0x00000000d5580000)
  object space 68608K, 46% used [0x0000000080000000,0x0000000081f0d8d0,0x0000000084300000)
 Metaspace       used 39989K, committed 41280K, reserved 1114112K
  class space    used 4232K, committed 4800K, reserved 1048576K
}
Event: 5.144 GC heap before
{Heap before GC invocations=21 (full 2):
 PSYoungGen      total 20480K, used 20461K [0x00000000d5580000, 0x00000000d7200000, 0x0000000100000000)
  eden space 19456K, 100% used [0x00000000d5580000,0x00000000d6880000,0x00000000d6880000)
  from space 1024K, 98% used [0x00000000d6d00000,0x00000000d6dfb680,0x00000000d6e00000)
  to   space 4608K, 0% used [0x00000000d6880000,0x00000000d6880000,0x00000000d6d00000)
 ParOldGen       total 68608K, used 31798K [0x0000000080000000, 0x0000000084300000, 0x00000000d5580000)
  object space 68608K, 46% used [0x0000000080000000,0x0000000081f0d8d0,0x0000000084300000)
 Metaspace       used 40214K, committed 41408K, reserved 1114112K
  class space    used 4261K, committed 4800K, reserved 1048576K
}
Event: 5.146 GC heap after
{Heap after GC invocations=21 (full 2):
 PSYoungGen      total 21504K, used 1858K [0x00000000d5580000, 0x00000000d6e80000, 0x0000000100000000)
  eden space 19456K, 0% used [0x00000000d5580000,0x00000000d5580000,0x00000000d6880000)
  from space 2048K, 90% used [0x00000000d6880000,0x00000000d6a50800,0x00000000d6a80000)
  to   space 3072K, 0% used [0x00000000d6b80000,0x00000000d6b80000,0x00000000d6e80000)
 ParOldGen       total 68608K, used 32804K [0x0000000080000000, 0x0000000084300000, 0x00000000d5580000)
  object space 68608K, 47% used [0x0000000080000000,0x00000000820090e8,0x0000000084300000)
 Metaspace       used 40214K, committed 41408K, reserved 1114112K
  class space    used 4261K, committed 4800K, reserved 1048576K
}
Event: 5.190 GC heap before
{Heap before GC invocations=22 (full 2):
 PSYoungGen      total 21504K, used 21314K [0x00000000d5580000, 0x00000000d6e80000, 0x0000000100000000)
  eden space 19456K, 100% used [0x00000000d5580000,0x00000000d6880000,0x00000000d6880000)
  from space 2048K, 90% used [0x00000000d6880000,0x00000000d6a50800,0x00000000d6a80000)
  to   space 3072K, 0% used [0x00000000d6b80000,0x00000000d6b80000,0x00000000d6e80000)
 ParOldGen       total 68608K, used 32804K [0x0000000080000000, 0x0000000084300000, 0x00000000d5580000)
  object space 68608K, 47% used [0x0000000080000000,0x00000000820090e8,0x0000000084300000)
 Metaspace       used 40505K, committed 41856K, reserved 1114112K
  class space    used 4291K, committed 4864K, reserved 1048576K
}
Event: 5.193 GC heap after
{Heap after GC invocations=22 (full 2):
 PSYoungGen      total 21504K, used 2020K [0x00000000d5580000, 0x00000000d6d80000, 0x0000000100000000)
  eden space 19456K, 0% used [0x00000000d5580000,0x00000000d5580000,0x00000000d6880000)
  from space 2048K, 98% used [0x00000000d6b80000,0x00000000d6d79000,0x00000000d6d80000)
  to   space 2560K, 0% used [0x00000000d6880000,0x00000000d6880000,0x00000000d6b00000)
 ParOldGen       total 68608K, used 34466K [0x0000000080000000, 0x0000000084300000, 0x00000000d5580000)
  object space 68608K, 50% used [0x0000000080000000,0x00000000821a8a98,0x0000000084300000)
 Metaspace       used 40505K, committed 41856K, reserved 1114112K
  class space    used 4291K, committed 4864K, reserved 1048576K
}
Event: 5.245 GC heap before
{Heap before GC invocations=23 (full 2):
 PSYoungGen      total 21504K, used 21476K [0x00000000d5580000, 0x00000000d6d80000, 0x0000000100000000)
  eden space 19456K, 100% used [0x00000000d5580000,0x00000000d6880000,0x00000000d6880000)
  from space 2048K, 98% used [0x00000000d6b80000,0x00000000d6d79000,0x00000000d6d80000)
  to   space 2560K, 0% used [0x00000000d6880000,0x00000000d6880000,0x00000000d6b00000)
 ParOldGen       total 68608K, used 34466K [0x0000000080000000, 0x0000000084300000, 0x00000000d5580000)
  object space 68608K, 50% used [0x0000000080000000,0x00000000821a8a98,0x0000000084300000)
 Metaspace       used 40837K, committed 42176K, reserved 1114112K
  class space    used 4338K, committed 4928K, reserved 1048576K
}
Event: 5.247 GC heap after
{Heap after GC invocations=23 (full 2):
 PSYoungGen      total 21504K, used 1936K [0x00000000d5580000, 0x00000000d6c80000, 0x0000000100000000)
  eden space 19456K, 0% used [0x00000000d5580000,0x00000000d5580000,0x00000000d6880000)
  from space 2048K, 94% used [0x00000000d6880000,0x00000000d6a641e0,0x00000000d6a80000)
  to   space 2048K, 0% used [0x00000000d6a80000,0x00000000d6a80000,0x00000000d6c80000)
 ParOldGen       total 68608K, used 36288K [0x0000000080000000, 0x0000000084300000, 0x00000000d5580000)
  object space 68608K, 52% used [0x0000000080000000,0x00000000823700c0,0x0000000084300000)
 Metaspace       used 40837K, committed 42176K, reserved 1114112K
  class space    used 4338K, committed 4928K, reserved 1048576K
}
Event: 5.297 GC heap before
{Heap before GC invocations=24 (full 2):
 PSYoungGen      total 21504K, used 21392K [0x00000000d5580000, 0x00000000d6c80000, 0x0000000100000000)
  eden space 19456K, 100% used [0x00000000d5580000,0x00000000d6880000,0x00000000d6880000)
  from space 2048K, 94% used [0x00000000d6880000,0x00000000d6a641e0,0x00000000d6a80000)
  to   space 2048K, 0% used [0x00000000d6a80000,0x00000000d6a80000,0x00000000d6c80000)
 ParOldGen       total 68608K, used 36288K [0x0000000080000000, 0x0000000084300000, 0x00000000d5580000)
  object space 68608K, 52% used [0x0000000080000000,0x00000000823700c0,0x0000000084300000)
 Metaspace       used 41269K, committed 42496K, reserved 1114112K
  class space    used 4385K, committed 4928K, reserved 1048576K
}
Event: 5.299 GC heap after
{Heap after GC invocations=24 (full 2):
 PSYoungGen      total 21504K, used 1792K [0x00000000d5580000, 0x00000000d6c80000, 0x0000000100000000)
  eden space 19456K, 0% used [0x00000000d5580000,0x00000000d5580000,0x00000000d6880000)
  from space 2048K, 87% used [0x00000000d6a80000,0x00000000d6c40010,0x00000000d6c80000)
  to   space 2048K, 0% used [0x00000000d6880000,0x00000000d6880000,0x00000000d6a80000)
 ParOldGen       total 68608K, used 37904K [0x0000000080000000, 0x0000000084300000, 0x00000000d5580000)
  object space 68608K, 55% used [0x0000000080000000,0x00000000825040c0,0x0000000084300000)
 Metaspace       used 41269K, committed 42496K, reserved 1114112K
  class space    used 4385K, committed 4928K, reserved 1048576K
}
Event: 5.347 GC heap before
{Heap before GC invocations=25 (full 2):
 PSYoungGen      total 21504K, used 21248K [0x00000000d5580000, 0x00000000d6c80000, 0x0000000100000000)
  eden space 19456K, 100% used [0x00000000d5580000,0x00000000d6880000,0x00000000d6880000)
  from space 2048K, 87% used [0x00000000d6a80000,0x00000000d6c40010,0x00000000d6c80000)
  to   space 2048K, 0% used [0x00000000d6880000,0x00000000d6880000,0x00000000d6a80000)
 ParOldGen       total 68608K, used 37904K [0x0000000080000000, 0x0000000084300000, 0x00000000d5580000)
  object space 68608K, 55% used [0x0000000080000000,0x00000000825040c0,0x0000000084300000)
 Metaspace       used 41602K, committed 42880K, reserved 1114112K
  class space    used 4433K, committed 4992K, reserved 1048576K
}
Event: 5.351 GC heap after
{Heap after GC invocations=25 (full 2):
 PSYoungGen      total 21504K, used 1784K [0x00000000d5580000, 0x00000000d6c80000, 0x0000000100000000)
  eden space 19456K, 0% used [0x00000000d5580000,0x00000000d5580000,0x00000000d6880000)
  from space 2048K, 87% used [0x00000000d6880000,0x00000000d6a3e200,0x00000000d6a80000)
  to   space 2048K, 0% used [0x00000000d6a80000,0x00000000d6a80000,0x00000000d6c80000)
 ParOldGen       total 68608K, used 39544K [0x0000000080000000, 0x0000000084300000, 0x00000000d5580000)
  object space 68608K, 57% used [0x0000000080000000,0x000000008269e0d0,0x0000000084300000)
 Metaspace       used 41602K, committed 42880K, reserved 1114112K
  class space    used 4433K, committed 4992K, reserved 1048576K
}
Event: 5.568 GC heap before
{Heap before GC invocations=26 (full 2):
 PSYoungGen      total 21504K, used 21240K [0x00000000d5580000, 0x00000000d6c80000, 0x0000000100000000)
  eden space 19456K, 100% used [0x00000000d5580000,0x00000000d6880000,0x00000000d6880000)
  from space 2048K, 87% used [0x00000000d6880000,0x00000000d6a3e200,0x00000000d6a80000)
  to   space 2048K, 0% used [0x00000000d6a80000,0x00000000d6a80000,0x00000000d6c80000)
 ParOldGen       total 68608K, used 39544K [0x0000000080000000, 0x0000000084300000, 0x00000000d5580000)
  object space 68608K, 57% used [0x0000000080000000,0x000000008269e0d0,0x0000000084300000)
 Metaspace       used 43878K, committed 45184K, reserved 1114112K
  class space    used 4709K, committed 5248K, reserved 1048576K
}
Event: 5.572 GC heap after
{Heap after GC invocations=26 (full 2):
 PSYoungGen      total 20992K, used 1056K [0x00000000d5580000, 0x00000000d6c00000, 0x0000000100000000)
  eden space 19456K, 0% used [0x00000000d5580000,0x00000000d5580000,0x00000000d6880000)
  from space 1536K, 68% used [0x00000000d6a80000,0x00000000d6b88000,0x00000000d6c00000)
  to   space 1536K, 0% used [0x00000000d6900000,0x00000000d6900000,0x00000000d6a80000)
 ParOldGen       total 68608K, used 41157K [0x0000000080000000, 0x0000000084300000, 0x00000000d5580000)
  object space 68608K, 59% used [0x0000000080000000,0x0000000082831628,0x0000000084300000)
 Metaspace       used 43878K, committed 45184K, reserved 1114112K
  class space    used 4709K, committed 5248K, reserved 1048576K
}
Event: 5.918 GC heap before
{Heap before GC invocations=27 (full 2):
 PSYoungGen      total 20992K, used 20512K [0x00000000d5580000, 0x00000000d6c00000, 0x0000000100000000)
  eden space 19456K, 100% used [0x00000000d5580000,0x00000000d6880000,0x00000000d6880000)
  from space 1536K, 68% used [0x00000000d6a80000,0x00000000d6b88000,0x00000000d6c00000)
  to   space 1536K, 0% used [0x00000000d6900000,0x00000000d6900000,0x00000000d6a80000)
 ParOldGen       total 68608K, used 41157K [0x0000000080000000, 0x0000000084300000, 0x00000000d5580000)
  object space 68608K, 59% used [0x0000000080000000,0x0000000082831628,0x0000000084300000)
 Metaspace       used 46260K, committed 47552K, reserved 1114112K
  class space    used 5013K, committed 5568K, reserved 1048576K
}
Event: 5.920 GC heap after
{Heap after GC invocations=27 (full 2):
 PSYoungGen      total 20992K, used 1376K [0x00000000d5580000, 0x00000000d6b80000, 0x0000000100000000)
  eden space 19456K, 0% used [0x00000000d5580000,0x00000000d5580000,0x00000000d6880000)
  from space 1536K, 89% used [0x00000000d6900000,0x00000000d6a58000,0x00000000d6a80000)
  to   space 1024K, 0% used [0x00000000d6a80000,0x00000000d6a80000,0x00000000d6b80000)
 ParOldGen       total 68608K, used 42027K [0x0000000080000000, 0x0000000084300000, 0x00000000d5580000)
  object space 68608K, 61% used [0x0000000080000000,0x000000008290ac30,0x0000000084300000)
 Metaspace       used 46260K, committed 47552K, reserved 1114112K
  class space    used 5013K, committed 5568K, reserved 1048576K
}
Event: 6.163 GC heap before
{Heap before GC invocations=28 (full 2):
 PSYoungGen      total 20992K, used 20832K [0x00000000d5580000, 0x00000000d6b80000, 0x0000000100000000)
  eden space 19456K, 100% used [0x00000000d5580000,0x00000000d6880000,0x00000000d6880000)
  from space 1536K, 89% used [0x00000000d6900000,0x00000000d6a58000,0x00000000d6a80000)
  to   space 1024K, 0% used [0x00000000d6a80000,0x00000000d6a80000,0x00000000d6b80000)
 ParOldGen       total 68608K, used 42027K [0x0000000080000000, 0x0000000084300000, 0x00000000d5580000)
  object space 68608K, 61% used [0x0000000080000000,0x000000008290ac30,0x0000000084300000)
 Metaspace       used 48717K, committed 49984K, reserved 1114112K
  class space    used 5289K, committed 5824K, reserved 1048576K
}
Event: 6.165 GC heap after
{Heap after GC invocations=28 (full 2):
 PSYoungGen      total 19456K, used 992K [0x00000000d5580000, 0x00000000d6e80000, 0x0000000100000000)
  eden space 18432K, 0% used [0x00000000d5580000,0x00000000d5580000,0x00000000d6780000)
  from space 1024K, 96% used [0x00000000d6a80000,0x00000000d6b78010,0x00000000d6b80000)
  to   space 3072K, 0% used [0x00000000d6780000,0x00000000d6780000,0x00000000d6a80000)
 ParOldGen       total 68608K, used 43534K [0x0000000080000000, 0x0000000084300000, 0x00000000d5580000)
  object space 68608K, 63% used [0x0000000080000000,0x0000000082a83960,0x0000000084300000)
 Metaspace       used 48717K, committed 49984K, reserved 1114112K
  class space    used 5289K, committed 5824K, reserved 1048576K
}

