# JRE version: OpenJDK Runtime Environment Temurin-21.0.8+9 (21.0.8+9) (build 21.0.8+9-LTS)
# Java VM: OpenJDK 64-Bit Server VM Temurin-21.0.8+9 (21.0.8+9-LTS, mixed mode, sharing, tiered, compressed oops, compressed class ptrs, parallel gc, windows-amd64)
GC Precious Log:
 CardTable entry size: 512
 CPUs: 12 total, 12 available
 Memory: 16222M
 Large Page Support: Disabled
 NUMA Support: Disabled
 Compressed Oops: Enabled (32-bit)
 Alignments: Space 512K, Generation 512K, Heap 2M
 Heap Min Capacity: 100M
 Heap Initial Capacity: 100M
 Heap Max Capacity: 2G
 Pre-touch: Disabled
 Parallel Workers: 10
Heap:
 PSYoungGen      total 17920K, used 12372K [0x00000000d5580000, 0x00000000d6980000, 0x0000000100000000)
  eden space 17408K, 69% used [0x00000000d5580000,0x00000000d6145358,0x00000000d6680000)
  from space 512K, 62% used [0x00000000d6900000,0x00000000d6950000,0x00000000d6980000)
  to   space 512K, 0% used [0x00000000d6880000,0x00000000d6880000,0x00000000d6900000)
 ParOldGen       total 82432K, used 82119K [0x0000000080000000, 0x0000000085080000, 0x00000000d5580000)
  object space 82432K, 99% used [0x0000000080000000,0x0000000085031d60,0x0000000085080000)
 Metaspace       used 79762K, committed 81408K, reserved 1179648K
  class space    used 8412K, committed 9152K, reserved 1048576K
GC Heap History (20 events):
Event: 853.056 GC heap before
{Heap before GC invocations=66 (full 3):
 PSYoungGen      total 18432K, used 17225K [0x00000000d5580000, 0x00000000d6b00000, 0x0000000100000000)
  eden space 17408K, 95% used [0x00000000d5580000,0x00000000d65a9318,0x00000000d6680000)
  from space 1024K, 66% used [0x00000000d6a00000,0x00000000d6aa93c0,0x00000000d6b00000)
  to   space 1024K, 0% used [0x00000000d6900000,0x00000000d6900000,0x00000000d6a00000)
 ParOldGen       total 76800K, used 76763K [0x0000000080000000, 0x0000000084b00000, 0x00000000d5580000)
  object space 76800K, 99% used [0x0000000080000000,0x0000000084af6cf0,0x0000000084b00000)
 Metaspace       used 76758K, committed 78400K, reserved 1179648K
  class space    used 8127K, committed 8832K, reserved 1048576K
}
Event: 853.057 GC heap after
{Heap after GC invocations=66 (full 3):
 PSYoungGen      total 18432K, used 1001K [0x00000000d5580000, 0x00000000d6a80000, 0x0000000100000000)
  eden space 17408K, 0% used [0x00000000d5580000,0x00000000d5580000,0x00000000d6680000)
  from space 1024K, 97% used [0x00000000d6900000,0x00000000d69fa568,0x00000000d6a00000)
  to   space 512K, 0% used [0x00000000d6a00000,0x00000000d6a00000,0x00000000d6a80000)
 ParOldGen       total 77312K, used 76927K [0x0000000080000000, 0x0000000084b80000, 0x00000000d5580000)
  object space 77312K, 99% used [0x0000000080000000,0x0000000084b1fd20,0x0000000084b80000)
 Metaspace       used 76758K, committed 78400K, reserved 1179648K
  class space    used 8127K, committed 8832K, reserved 1048576K
}
Event: 853.111 GC heap before
{Heap before GC invocations=67 (full 3):
 PSYoungGen      total 18432K, used 18409K [0x00000000d5580000, 0x00000000d6a80000, 0x0000000100000000)
  eden space 17408K, 100% used [0x00000000d5580000,0x00000000d6680000,0x00000000d6680000)
  from space 1024K, 97% used [0x00000000d6900000,0x00000000d69fa568,0x00000000d6a00000)
  to   space 512K, 0% used [0x00000000d6a00000,0x00000000d6a00000,0x00000000d6a80000)
 ParOldGen       total 77312K, used 76927K [0x0000000080000000, 0x0000000084b80000, 0x00000000d5580000)
  object space 77312K, 99% used [0x0000000080000000,0x0000000084b1fd20,0x0000000084b80000)
 Metaspace       used 76803K, committed 78400K, reserved 1179648K
  class space    used 8130K, committed 8832K, reserved 1048576K
}
Event: 853.113 GC heap after
{Heap after GC invocations=67 (full 3):
 PSYoungGen      total 17920K, used 454K [0x00000000d5580000, 0x00000000d6a80000, 0x0000000100000000)
  eden space 17408K, 0% used [0x00000000d5580000,0x00000000d5580000,0x00000000d6680000)
  from space 512K, 88% used [0x00000000d6a00000,0x00000000d6a71948,0x00000000d6a80000)
  to   space 1024K, 0% used [0x00000000d6880000,0x00000000d6880000,0x00000000d6980000)
 ParOldGen       total 79872K, used 79448K [0x0000000080000000, 0x0000000084e00000, 0x00000000d5580000)
  object space 79872K, 99% used [0x0000000080000000,0x0000000084d960f8,0x0000000084e00000)
 Metaspace       used 76803K, committed 78400K, reserved 1179648K
  class space    used 8130K, committed 8832K, reserved 1048576K
}
Event: 853.151 GC heap before
{Heap before GC invocations=68 (full 3):
 PSYoungGen      total 17920K, used 17755K [0x00000000d5580000, 0x00000000d6a80000, 0x0000000100000000)
  eden space 17408K, 99% used [0x00000000d5580000,0x00000000d6665638,0x00000000d6680000)
  from space 512K, 88% used [0x00000000d6a00000,0x00000000d6a71948,0x00000000d6a80000)
  to   space 1024K, 0% used [0x00000000d6880000,0x00000000d6880000,0x00000000d6980000)
 ParOldGen       total 79872K, used 79448K [0x0000000080000000, 0x0000000084e00000, 0x00000000d5580000)
  object space 79872K, 99% used [0x0000000080000000,0x0000000084d960f8,0x0000000084e00000)
 Metaspace       used 76821K, committed 78464K, reserved 1179648K
  class space    used 8130K, committed 8832K, reserved 1048576K
}
Event: 853.151 GC heap after
{Heap after GC invocations=68 (full 3):
 PSYoungGen      total 18432K, used 224K [0x00000000d5580000, 0x00000000d6a80000, 0x0000000100000000)
  eden space 17408K, 0% used [0x00000000d5580000,0x00000000d5580000,0x00000000d6680000)
  from space 1024K, 21% used [0x00000000d6880000,0x00000000d68b8000,0x00000000d6980000)
  to   space 512K, 0% used [0x00000000d6a00000,0x00000000d6a00000,0x00000000d6a80000)
 ParOldGen       total 79872K, used 79544K [0x0000000080000000, 0x0000000084e00000, 0x00000000d5580000)
  object space 79872K, 99% used [0x0000000080000000,0x0000000084dae128,0x0000000084e00000)
 Metaspace       used 76821K, committed 78464K, reserved 1179648K
  class space    used 8130K, committed 8832K, reserved 1048576K
}
Event: 853.236 GC heap before
{Heap before GC invocations=69 (full 3):
 PSYoungGen      total 18432K, used 17632K [0x00000000d5580000, 0x00000000d6a80000, 0x0000000100000000)
  eden space 17408K, 100% used [0x00000000d5580000,0x00000000d6680000,0x00000000d6680000)
  from space 1024K, 21% used [0x00000000d6880000,0x00000000d68b8000,0x00000000d6980000)
  to   space 512K, 0% used [0x00000000d6a00000,0x00000000d6a00000,0x00000000d6a80000)
 ParOldGen       total 79872K, used 79544K [0x0000000080000000, 0x0000000084e00000, 0x00000000d5580000)
  object space 79872K, 99% used [0x0000000080000000,0x0000000084dae128,0x0000000084e00000)
 Metaspace       used 77302K, committed 78912K, reserved 1179648K
  class space    used 8183K, committed 8896K, reserved 1048576K
}
Event: 853.237 GC heap after
{Heap after GC invocations=69 (full 3):
 PSYoungGen      total 17920K, used 307K [0x00000000d5580000, 0x00000000d6a80000, 0x0000000100000000)
  eden space 17408K, 0% used [0x00000000d5580000,0x00000000d5580000,0x00000000d6680000)
  from space 512K, 60% used [0x00000000d6a00000,0x00000000d6a4cd90,0x00000000d6a80000)
  to   space 512K, 0% used [0x00000000d6980000,0x00000000d6980000,0x00000000d6a00000)
 ParOldGen       total 79872K, used 79568K [0x0000000080000000, 0x0000000084e00000, 0x00000000d5580000)
  object space 79872K, 99% used [0x0000000080000000,0x0000000084db4128,0x0000000084e00000)
 Metaspace       used 77302K, committed 78912K, reserved 1179648K
  class space    used 8183K, committed 8896K, reserved 1048576K
}
Event: 864.463 GC heap before
{Heap before GC invocations=70 (full 3):
 PSYoungGen      total 17920K, used 17715K [0x00000000d5580000, 0x00000000d6a80000, 0x0000000100000000)
  eden space 17408K, 100% used [0x00000000d5580000,0x00000000d6680000,0x00000000d6680000)
  from space 512K, 60% used [0x00000000d6a00000,0x00000000d6a4cd90,0x00000000d6a80000)
  to   space 512K, 0% used [0x00000000d6980000,0x00000000d6980000,0x00000000d6a00000)
 ParOldGen       total 79872K, used 79568K [0x0000000080000000, 0x0000000084e00000, 0x00000000d5580000)
  object space 79872K, 99% used [0x0000000080000000,0x0000000084db4128,0x0000000084e00000)
 Metaspace       used 78329K, committed 80000K, reserved 1179648K
  class space    used 8306K, committed 9024K, reserved 1048576K
}
Event: 864.464 GC heap after
{Heap after GC invocations=70 (full 3):
 PSYoungGen      total 17920K, used 511K [0x00000000d5580000, 0x00000000d6a80000, 0x0000000100000000)
  eden space 17408K, 0% used [0x00000000d5580000,0x00000000d5580000,0x00000000d6680000)
  from space 512K, 99% used [0x00000000d6980000,0x00000000d69ffc48,0x00000000d6a00000)
  to   space 512K, 0% used [0x00000000d6a00000,0x00000000d6a00000,0x00000000d6a80000)
 ParOldGen       total 79872K, used 79771K [0x0000000080000000, 0x0000000084e00000, 0x00000000d5580000)
  object space 79872K, 99% used [0x0000000080000000,0x0000000084de6f08,0x0000000084e00000)
 Metaspace       used 78329K, committed 80000K, reserved 1179648K
  class space    used 8306K, committed 9024K, reserved 1048576K
}
Event: 883.438 GC heap before
{Heap before GC invocations=71 (full 3):
 PSYoungGen      total 17920K, used 17919K [0x00000000d5580000, 0x00000000d6a80000, 0x0000000100000000)
  eden space 17408K, 100% used [0x00000000d5580000,0x00000000d6680000,0x00000000d6680000)
  from space 512K, 99% used [0x00000000d6980000,0x00000000d69ffc48,0x00000000d6a00000)
  to   space 512K, 0% used [0x00000000d6a00000,0x00000000d6a00000,0x00000000d6a80000)
 ParOldGen       total 79872K, used 79771K [0x0000000080000000, 0x0000000084e00000, 0x00000000d5580000)
  object space 79872K, 99% used [0x0000000080000000,0x0000000084de6f08,0x0000000084e00000)
 Metaspace       used 78620K, committed 80256K, reserved 1179648K
  class space    used 8317K, committed 9024K, reserved 1048576K
}
Event: 883.441 GC heap after
{Heap after GC invocations=71 (full 3):
 PSYoungGen      total 17920K, used 512K [0x00000000d5580000, 0x00000000d6a80000, 0x0000000100000000)
  eden space 17408K, 0% used [0x00000000d5580000,0x00000000d5580000,0x00000000d6680000)
  from space 512K, 100% used [0x00000000d6a00000,0x00000000d6a80000,0x00000000d6a80000)
  to   space 2048K, 0% used [0x00000000d6680000,0x00000000d6680000,0x00000000d6880000)
 ParOldGen       total 81408K, used 80986K [0x0000000080000000, 0x0000000084f80000, 0x00000000d5580000)
  object space 81408K, 99% used [0x0000000080000000,0x0000000084f169b0,0x0000000084f80000)
 Metaspace       used 78620K, committed 80256K, reserved 1179648K
  class space    used 8317K, committed 9024K, reserved 1048576K
}
Event: 883.945 GC heap before
{Heap before GC invocations=72 (full 3):
 PSYoungGen      total 17920K, used 17920K [0x00000000d5580000, 0x00000000d6a80000, 0x0000000100000000)
  eden space 17408K, 100% used [0x00000000d5580000,0x00000000d6680000,0x00000000d6680000)
  from space 512K, 100% used [0x00000000d6a00000,0x00000000d6a80000,0x00000000d6a80000)
  to   space 2048K, 0% used [0x00000000d6680000,0x00000000d6680000,0x00000000d6880000)
 ParOldGen       total 81408K, used 80986K [0x0000000080000000, 0x0000000084f80000, 0x00000000d5580000)
  object space 81408K, 99% used [0x0000000080000000,0x0000000084f169b0,0x0000000084f80000)
 Metaspace       used 78866K, committed 80448K, reserved 1179648K
  class space    used 8348K, committed 9024K, reserved 1048576K
}
Event: 883.946 GC heap after
{Heap after GC invocations=72 (full 3):
 PSYoungGen      total 19456K, used 320K [0x00000000d5580000, 0x00000000d6a80000, 0x0000000100000000)
  eden space 17408K, 0% used [0x00000000d5580000,0x00000000d5580000,0x00000000d6680000)
  from space 2048K, 15% used [0x00000000d6680000,0x00000000d66d0000,0x00000000d6880000)
  to   space 1024K, 0% used [0x00000000d6980000,0x00000000d6980000,0x00000000d6a80000)
 ParOldGen       total 81920K, used 81538K [0x0000000080000000, 0x0000000085000000, 0x00000000d5580000)
  object space 81920K, 99% used [0x0000000080000000,0x0000000084fa0bd0,0x0000000085000000)
 Metaspace       used 78866K, committed 80448K, reserved 1179648K
  class space    used 8348K, committed 9024K, reserved 1048576K
}
Event: 884.206 GC heap before
{Heap before GC invocations=73 (full 3):
 PSYoungGen      total 19456K, used 17728K [0x00000000d5580000, 0x00000000d6a80000, 0x0000000100000000)
  eden space 17408K, 100% used [0x00000000d5580000,0x00000000d6680000,0x00000000d6680000)
  from space 2048K, 15% used [0x00000000d6680000,0x00000000d66d0000,0x00000000d6880000)
  to   space 1024K, 0% used [0x00000000d6980000,0x00000000d6980000,0x00000000d6a80000)
 ParOldGen       total 81920K, used 81538K [0x0000000080000000, 0x0000000085000000, 0x00000000d5580000)
  object space 81920K, 99% used [0x0000000080000000,0x0000000084fa0bd0,0x0000000085000000)
 Metaspace       used 79361K, committed 81024K, reserved 1179648K
  class space    used 8402K, committed 9088K, reserved 1048576K
}
Event: 884.207 GC heap after
{Heap after GC invocations=73 (full 3):
 PSYoungGen      total 18432K, used 800K [0x00000000d5580000, 0x00000000d6a80000, 0x0000000100000000)
  eden space 17408K, 0% used [0x00000000d5580000,0x00000000d5580000,0x00000000d6680000)
  from space 1024K, 78% used [0x00000000d6980000,0x00000000d6a48020,0x00000000d6a80000)
  to   space 1024K, 0% used [0x00000000d6880000,0x00000000d6880000,0x00000000d6980000)
 ParOldGen       total 81920K, used 81650K [0x0000000080000000, 0x0000000085000000, 0x00000000d5580000)
  object space 81920K, 99% used [0x0000000080000000,0x0000000084fbcbd0,0x0000000085000000)
 Metaspace       used 79361K, committed 81024K, reserved 1179648K
  class space    used 8402K, committed 9088K, reserved 1048576K
}
Event: 927.239 GC heap before
{Heap before GC invocations=74 (full 3):
 PSYoungGen      total 18432K, used 18208K [0x00000000d5580000, 0x00000000d6a80000, 0x0000000100000000)
  eden space 17408K, 100% used [0x00000000d5580000,0x00000000d6680000,0x00000000d6680000)
  from space 1024K, 78% used [0x00000000d6980000,0x00000000d6a48020,0x00000000d6a80000)
  to   space 1024K, 0% used [0x00000000d6880000,0x00000000d6880000,0x00000000d6980000)
 ParOldGen       total 81920K, used 81650K [0x0000000080000000, 0x0000000085000000, 0x00000000d5580000)
  object space 81920K, 99% used [0x0000000080000000,0x0000000084fbcbd0,0x0000000085000000)
 Metaspace       used 79474K, committed 81088K, reserved 1179648K
  class space    used 8406K, committed 9088K, reserved 1048576K
}
Event: 927.240 GC heap after
{Heap after GC invocations=74 (full 3):
 PSYoungGen      total 17920K, used 444K [0x00000000d5580000, 0x00000000d6a00000, 0x0000000100000000)
  eden space 17408K, 0% used [0x00000000d5580000,0x00000000d5580000,0x00000000d6680000)
  from space 512K, 86% used [0x00000000d6880000,0x00000000d68ef170,0x00000000d6900000)
  to   space 1024K, 0% used [0x00000000d6900000,0x00000000d6900000,0x00000000d6a00000)
 ParOldGen       total 81920K, used 81826K [0x0000000080000000, 0x0000000085000000, 0x00000000d5580000)
  object space 81920K, 99% used [0x0000000080000000,0x0000000084fe8bf0,0x0000000085000000)
 Metaspace       used 79474K, committed 81088K, reserved 1179648K
  class space    used 8406K, committed 9088K, reserved 1048576K
}
Event: 1191.641 GC heap before
{Heap before GC invocations=75 (full 3):
 PSYoungGen      total 17920K, used 17852K [0x00000000d5580000, 0x00000000d6a00000, 0x0000000100000000)
  eden space 17408K, 100% used [0x00000000d5580000,0x00000000d6680000,0x00000000d6680000)
  from space 512K, 86% used [0x00000000d6880000,0x00000000d68ef170,0x00000000d6900000)
  to   space 1024K, 0% used [0x00000000d6900000,0x00000000d6900000,0x00000000d6a00000)
 ParOldGen       total 81920K, used 81826K [0x0000000080000000, 0x0000000085000000, 0x00000000d5580000)
  object space 81920K, 99% used [0x0000000080000000,0x0000000084fe8bf0,0x0000000085000000)
 Metaspace       used 79637K, committed 81216K, reserved 1179648K
  class space    used 8407K, committed 9088K, reserved 1048576K
}
Event: 1191.642 GC heap after
{Heap after GC invocations=75 (full 3):
 PSYoungGen      total 17920K, used 320K [0x00000000d5580000, 0x00000000d6980000, 0x0000000100000000)
  eden space 17408K, 0% used [0x00000000d5580000,0x00000000d5580000,0x00000000d6680000)
  from space 512K, 62% used [0x00000000d6900000,0x00000000d6950000,0x00000000d6980000)
  to   space 512K, 0% used [0x00000000d6880000,0x00000000d6880000,0x00000000d6900000)
 ParOldGen       total 82432K, used 82119K [0x0000000080000000, 0x0000000085080000, 0x00000000d5580000)
  object space 82432K, 99% used [0x0000000080000000,0x0000000085031d60,0x0000000085080000)
 Metaspace       used 79637K, committed 81216K, reserved 1179648K
  class space    used 8407K, committed 9088K, reserved 1048576K
}

